# JRE version: OpenJDK Runtime Environment (8.0_152-b02) (build 1.8.0_152-release-1024-b02)
# Java VM: OpenJDK 64-Bit Server VM (25.152-b02 mixed mode windows-amd64 compressed oops)
Heap:
 PSYoungGen      total 143360K, used 126984K [0x00000000e0000000, 0x00000000eb000000, 0x0000000100000000)
  eden space 130560K, 87% used [0x00000000e0000000,0x00000000e6f87d30,0x00000000e7f80000)
  from space 12800K, 99% used [0x00000000ea380000,0x00000000eaffa650,0x00000000eb000000)
  to   space 10240K, 0% used [0x00000000e7f80000,0x00000000e7f80000,0x00000000e8980000)
 ParOldGen       total 99840K, used 20685K [0x00000000a0000000, 0x00000000a6180000, 0x00000000e0000000)
  object space 99840K, 20% used [0x00000000a0000000,0x00000000a14335c8,0x00000000a6180000)
 Metaspace       used 52627K, capacity 54218K, committed 54488K, reserved 1095680K
  class space    used 7173K, capacity 7564K, committed 7680K, reserved 1048576K
GC Heap History (10 events):
Event: 3.714 GC heap before
{Heap before GC invocations=6 (full 1):
 PSYoungGen      total 71680K, used 5108K [0x00000000e0000000, 0x00000000e9600000, 0x0000000100000000)
  eden space 66560K, 0% used [0x00000000e0000000,0x00000000e0000000,0x00000000e4100000)
  from space 5120K, 99% used [0x00000000e4100000,0x00000000e45fd040,0x00000000e4600000)
  to   space 10240K, 0% used [0x00000000e8c00000,0x00000000e8c00000,0x00000000e9600000)
 ParOldGen       total 87552K, used 8266K [0x00000000a0000000, 0x00000000a5580000, 0x00000000e0000000)
  object space 87552K, 9% used [0x00000000a0000000,0x00000000a0812b50,0x00000000a5580000)
 Metaspace       used 20849K, capacity 21232K, committed 21248K, reserved 1067008K
  class space    used 2911K, capacity 3070K, committed 3072K, reserved 1048576K
Event: 3.781 GC heap after
Heap after GC invocations=6 (full 1):
 PSYoungGen      total 71680K, used 0K [0x00000000e0000000, 0x00000000e9600000, 0x0000000100000000)
  eden space 66560K, 0% used [0x00000000e0000000,0x00000000e0000000,0x00000000e4100000)
  from space 5120K, 0% used [0x00000000e4100000,0x00000000e4100000,0x00000000e4600000)
  to   space 10240K, 0% used [0x00000000e8c00000,0x00000000e8c00000,0x00000000e9600000)
 ParOldGen       total 60416K, used 8221K [0x00000000a0000000, 0x00000000a3b00000, 0x00000000e0000000)
  object space 60416K, 13% used [0x00000000a0000000,0x00000000a0807748,0x00000000a3b00000)
 Metaspace       used 20849K, capacity 21232K, committed 21248K, reserved 1067008K
  class space    used 2911K, capacity 3070K, committed 3072K, reserved 1048576K
}
Event: 5.024 GC heap before
{Heap before GC invocations=7 (full 1):
 PSYoungGen      total 71680K, used 66560K [0x00000000e0000000, 0x00000000e9600000, 0x0000000100000000)
  eden space 66560K, 100% used [0x00000000e0000000,0x00000000e4100000,0x00000000e4100000)
  from space 5120K, 0% used [0x00000000e4100000,0x00000000e4100000,0x00000000e4600000)
  to   space 10240K, 0% used [0x00000000e8c00000,0x00000000e8c00000,0x00000000e9600000)
 ParOldGen       total 60416K, used 8221K [0x00000000a0000000, 0x00000000a3b00000, 0x00000000e0000000)
  object space 60416K, 13% used [0x00000000a0000000,0x00000000a0807748,0x00000000a3b00000)
 Metaspace       used 26562K, capacity 27066K, committed 27136K, reserved 1073152K
  class space    used 3661K, capacity 3831K, committed 3840K, reserved 1048576K
Event: 5.038 GC heap after
Heap after GC invocations=7 (full 1):
 PSYoungGen      total 110592K, used 7435K [0x00000000e0000000, 0x00000000e9380000, 0x0000000100000000)
  eden space 102912K, 0% used [0x00000000e0000000,0x00000000e0000000,0x00000000e6480000)
  from space 7680K, 96% used [0x00000000e8c00000,0x00000000e9342ce8,0x00000000e9380000)
  to   space 10240K, 0% used [0x00000000e7f80000,0x00000000e7f80000,0x00000000e8980000)
 ParOldGen       total 60416K, used 8221K [0x00000000a0000000, 0x00000000a3b00000, 0x00000000e0000000)
  object space 60416K, 13% used [0x00000000a0000000,0x00000000a0807748,0x00000000a3b00000)
 Metaspace       used 26562K, capacity 27066K, committed 27136K, reserved 1073152K
  class space    used 3661K, capacity 3831K, committed 3840K, reserved 1048576K
}
Event: 6.780 GC heap before
{Heap before GC invocations=8 (full 1):
 PSYoungGen      total 110592K, used 100156K [0x00000000e0000000, 0x00000000e9380000, 0x0000000100000000)
  eden space 102912K, 90% used [0x00000000e0000000,0x00000000e5a8c3a0,0x00000000e6480000)
  from space 7680K, 96% used [0x00000000e8c00000,0x00000000e9342ce8,0x00000000e9380000)
  to   space 10240K, 0% used [0x00000000e7f80000,0x00000000e7f80000,0x00000000e8980000)
 ParOldGen       total 60416K, used 8221K [0x00000000a0000000, 0x00000000a3b00000, 0x00000000e0000000)
  object space 60416K, 13% used [0x00000000a0000000,0x00000000a0807748,0x00000000a3b00000)
 Metaspace       used 34684K, capacity 35260K, committed 35416K, reserved 1079296K
  class space    used 4780K, capacity 4972K, committed 4992K, reserved 1048576K
Event: 6.796 GC heap after
Heap after GC invocations=8 (full 1):
 PSYoungGen      total 140800K, used 10208K [0x00000000e0000000, 0x00000000eb000000, 0x0000000100000000)
  eden space 130560K, 0% used [0x00000000e0000000,0x00000000e0000000,0x00000000e7f80000)
  from space 10240K, 99% used [0x00000000e7f80000,0x00000000e8978050,0x00000000e8980000)
  to   space 12800K, 0% used [0x00000000ea380000,0x00000000ea380000,0x00000000eb000000)
 ParOldGen       total 60416K, used 10994K [0x00000000a0000000, 0x00000000a3b00000, 0x00000000e0000000)
  object space 60416K, 18% used [0x00000000a0000000,0x00000000a0abcba0,0x00000000a3b00000)
 Metaspace       used 34684K, capacity 35260K, committed 35416K, reserved 1079296K
  class space    used 4780K, capacity 4972K, committed 4992K, reserved 1048576K
}
Event: 6.796 GC heap before
{Heap before GC invocations=9 (full 2):
 PSYoungGen      total 140800K, used 10208K [0x00000000e0000000, 0x00000000eb000000, 0x0000000100000000)
  eden space 130560K, 0% used [0x00000000e0000000,0x00000000e0000000,0x00000000e7f80000)
  from space 10240K, 99% used [0x00000000e7f80000,0x00000000e8978050,0x00000000e8980000)
  to   space 12800K, 0% used [0x00000000ea380000,0x00000000ea380000,0x00000000eb000000)
 ParOldGen       total 60416K, used 10994K [0x00000000a0000000, 0x00000000a3b00000, 0x00000000e0000000)
  object space 60416K, 18% used [0x00000000a0000000,0x00000000a0abcba0,0x00000000a3b00000)
 Metaspace       used 34684K, capacity 35260K, committed 35416K, reserved 1079296K
  class space    used 4780K, capacity 4972K, committed 4992K, reserved 1048576K
Event: 6.899 GC heap after
Heap after GC invocations=9 (full 2):
 PSYoungGen      total 140800K, used 0K [0x00000000e0000000, 0x00000000eb000000, 0x0000000100000000)
  eden space 130560K, 0% used [0x00000000e0000000,0x00000000e0000000,0x00000000e7f80000)
  from space 10240K, 0% used [0x00000000e7f80000,0x00000000e7f80000,0x00000000e8980000)
  to   space 12800K, 0% used [0x00000000ea380000,0x00000000ea380000,0x00000000eb000000)
 ParOldGen       total 99840K, used 19462K [0x00000000a0000000, 0x00000000a6180000, 0x00000000e0000000)
  object space 99840K, 19% used [0x00000000a0000000,0x00000000a13019f0,0x00000000a6180000)
 Metaspace       used 34684K, capacity 35260K, committed 35416K, reserved 1079296K
  class space    used 4780K, capacity 4972K, committed 4992K, reserved 1048576K
}
Event: 8.715 GC heap before
{Heap before GC invocations=10 (full 2):
 PSYoungGen      total 140800K, used 130560K [0x00000000e0000000, 0x00000000eb000000, 0x0000000100000000)
  eden space 130560K, 100% used [0x00000000e0000000,0x00000000e7f80000,0x00000000e7f80000)
  from space 10240K, 0% used [0x00000000e7f80000,0x00000000e7f80000,0x00000000e8980000)
  to   space 12800K, 0% used [0x00000000ea380000,0x00000000ea380000,0x00000000eb000000)
 ParOldGen       total 99840K, used 19462K [0x00000000a0000000, 0x00000000a6180000, 0x00000000e0000000)
  object space 99840K, 19% used [0x00000000a0000000,0x00000000a13019f0,0x00000000a6180000)
 Metaspace       used 42827K, capacity 43686K, committed 43864K, reserved 1087488K
  class space    used 5878K, capacity 6162K, committed 6272K, reserved 1048576K
Event: 8.738 GC heap after
Heap after GC invocations=10 (full 2):
 PSYoungGen      total 143360K, used 12777K [0x00000000e0000000, 0x00000000eb000000, 0x0000000100000000)
  eden space 130560K, 0% used [0x00000000e0000000,0x00000000e0000000,0x00000000e7f80000)
  from space 12800K, 99% used [0x00000000ea380000,0x00000000eaffa650,0x00000000eb000000)
  to   space 10240K, 0% used [0x00000000e7f80000,0x00000000e7f80000,0x00000000e8980000)
 ParOldGen       total 99840K, used 20685K [0x00000000a0000000, 0x00000000a6180000, 0x00000000e0000000)
  object space 99840K, 20% used [0x00000000a0000000,0x00000000a14335c8,0x00000000a6180000)
 Metaspace       used 42827K, capacity 43686K, committed 43864K, reserved 1087488K
  class space    used 5878K, capacity 6162K, committed 6272K, reserved 1048576K
}

