# JRE version: OpenJDK Runtime Environment (8.0_152-b02) (build 1.8.0_152-release-1024-b02)
# Java VM: OpenJDK 64-Bit Server VM (25.152-b02 mixed mode windows-amd64 compressed oops)
Heap:
 PSYoungGen      total 149504K, used 76654K [0x00000000e0000000, 0x00000000e9f00000, 0x0000000100000000)
  eden space 138240K, 47% used [0x00000000e0000000,0x00000000e3fe1e00,0x00000000e8700000)
  from space 11264K, 99% used [0x00000000e9400000,0x00000000e9ef9ad8,0x00000000e9f00000)
  to   space 8192K, 0% used [0x00000000e8c00000,0x00000000e8c00000,0x00000000e9400000)
 ParOldGen       total 94208K, used 45723K [0x00000000a0000000, 0x00000000a5c00000, 0x00000000e0000000)
  object space 94208K, 48% used [0x00000000a0000000,0x00000000a2ca6e78,0x00000000a5c00000)
 Metaspace       used 69888K, capacity 72228K, committed 72280K, reserved 1112064K
  class space    used 9536K, capacity 10060K, committed 10112K, reserved 1048576K
GC Heap History (10 events):
Event: 75.752 GC heap before
{Heap before GC invocations=13 (full 2):
 PSYoungGen      total 103936K, used 102930K [0x00000000e0000000, 0x00000000e7380000, 0x0000000100000000)
  eden space 95744K, 100% used [0x00000000e0000000,0x00000000e5d80000,0x00000000e5d80000)
  from space 8192K, 87% used [0x00000000e6b80000,0x00000000e7284a80,0x00000000e7380000)
  to   space 11264K, 0% used [0x00000000e5d80000,0x00000000e5d80000,0x00000000e6880000)
 ParOldGen       total 65024K, used 17713K [0x00000000a0000000, 0x00000000a3f80000, 0x00000000e0000000)
  object space 65024K, 27% used [0x00000000a0000000,0x00000000a114c528,0x00000000a3f80000)
 Metaspace       used 46608K, capacity 47456K, committed 47832K, reserved 1091584K
  class space    used 6324K, capacity 6573K, committed 6656K, reserved 1048576K
Event: 75.770 GC heap after
Heap after GC invocations=13 (full 2):
 PSYoungGen      total 107008K, used 10596K [0x00000000e0000000, 0x00000000ea480000, 0x0000000100000000)
  eden space 95744K, 0% used [0x00000000e0000000,0x00000000e0000000,0x00000000e5d80000)
  from space 11264K, 94% used [0x00000000e5d80000,0x00000000e67d9230,0x00000000e6880000)
  to   space 12288K, 0% used [0x00000000e9880000,0x00000000e9880000,0x00000000ea480000)
 ParOldGen       total 65024K, used 21561K [0x00000000a0000000, 0x00000000a3f80000, 0x00000000e0000000)
  object space 65024K, 33% used [0x00000000a0000000,0x00000000a150e650,0x00000000a3f80000)
 Metaspace       used 46608K, capacity 47456K, committed 47832K, reserved 1091584K
  class space    used 6324K, capacity 6573K, committed 6656K, reserved 1048576K
}
Event: 77.640 GC heap before
{Heap before GC invocations=14 (full 2):
 PSYoungGen      total 107008K, used 106340K [0x00000000e0000000, 0x00000000ea480000, 0x0000000100000000)
  eden space 95744K, 100% used [0x00000000e0000000,0x00000000e5d80000,0x00000000e5d80000)
  from space 11264K, 94% used [0x00000000e5d80000,0x00000000e67d9230,0x00000000e6880000)
  to   space 12288K, 0% used [0x00000000e9880000,0x00000000e9880000,0x00000000ea480000)
 ParOldGen       total 65024K, used 21561K [0x00000000a0000000, 0x00000000a3f80000, 0x00000000e0000000)
  object space 65024K, 33% used [0x00000000a0000000,0x00000000a150e650,0x00000000a3f80000)
 Metaspace       used 53410K, capacity 55032K, committed 55256K, reserved 1097728K
  class space    used 7292K, capacity 7669K, committed 7680K, reserved 1048576K
Event: 77.658 GC heap after
Heap after GC invocations=14 (full 2):
 PSYoungGen      total 155648K, used 9931K [0x00000000e0000000, 0x00000000ea500000, 0x0000000100000000)
  eden space 143360K, 0% used [0x00000000e0000000,0x00000000e0000000,0x00000000e8c00000)
  from space 12288K, 80% used [0x00000000e9880000,0x00000000ea232e40,0x00000000ea480000)
  to   space 12800K, 0% used [0x00000000e8c00000,0x00000000e8c00000,0x00000000e9880000)
 ParOldGen       total 65024K, used 26803K [0x00000000a0000000, 0x00000000a3f80000, 0x00000000e0000000)
  object space 65024K, 41% used [0x00000000a0000000,0x00000000a1a2cee8,0x00000000a3f80000)
 Metaspace       used 53410K, capacity 55032K, committed 55256K, reserved 1097728K
  class space    used 7292K, capacity 7669K, committed 7680K, reserved 1048576K
}
Event: 109.090 GC heap before
{Heap before GC invocations=15 (full 2):
 PSYoungGen      total 155648K, used 111999K [0x00000000e0000000, 0x00000000ea500000, 0x0000000100000000)
  eden space 143360K, 71% used [0x00000000e0000000,0x00000000e63acf90,0x00000000e8c00000)
  from space 12288K, 80% used [0x00000000e9880000,0x00000000ea232e40,0x00000000ea480000)
  to   space 12800K, 0% used [0x00000000e8c00000,0x00000000e8c00000,0x00000000e9880000)
 ParOldGen       total 65024K, used 26803K [0x00000000a0000000, 0x00000000a3f80000, 0x00000000e0000000)
  object space 65024K, 41% used [0x00000000a0000000,0x00000000a1a2cee8,0x00000000a3f80000)
 Metaspace       used 57157K, capacity 58794K, committed 58968K, reserved 1099776K
  class space    used 7779K, capacity 8194K, committed 8320K, reserved 1048576K
Event: 109.109 GC heap after
Heap after GC invocations=15 (full 2):
 PSYoungGen      total 146432K, used 7721K [0x00000000e0000000, 0x00000000e9f00000, 0x0000000100000000)
  eden space 138240K, 0% used [0x00000000e0000000,0x00000000e0000000,0x00000000e8700000)
  from space 8192K, 94% used [0x00000000e8c00000,0x00000000e938a468,0x00000000e9400000)
  to   space 11264K, 0% used [0x00000000e9400000,0x00000000e9400000,0x00000000e9f00000)
 ParOldGen       total 65024K, used 31794K [0x00000000a0000000, 0x00000000a3f80000, 0x00000000e0000000)
  object space 65024K, 48% used [0x00000000a0000000,0x00000000a1f0cb88,0x00000000a3f80000)
 Metaspace       used 57157K, capacity 58794K, committed 58968K, reserved 1099776K
  class space    used 7779K, capacity 8194K, committed 8320K, reserved 1048576K
}
Event: 109.109 GC heap before
{Heap before GC invocations=16 (full 3):
 PSYoungGen      total 146432K, used 7721K [0x00000000e0000000, 0x00000000e9f00000, 0x0000000100000000)
  eden space 138240K, 0% used [0x00000000e0000000,0x00000000e0000000,0x00000000e8700000)
  from space 8192K, 94% used [0x00000000e8c00000,0x00000000e938a468,0x00000000e9400000)
  to   space 11264K, 0% used [0x00000000e9400000,0x00000000e9400000,0x00000000e9f00000)
 ParOldGen       total 65024K, used 31794K [0x00000000a0000000, 0x00000000a3f80000, 0x00000000e0000000)
  object space 65024K, 48% used [0x00000000a0000000,0x00000000a1f0cb88,0x00000000a3f80000)
 Metaspace       used 57157K, capacity 58794K, committed 58968K, reserved 1099776K
  class space    used 7779K, capacity 8194K, committed 8320K, reserved 1048576K
Event: 109.426 GC heap after
Heap after GC invocations=16 (full 3):
 PSYoungGen      total 146432K, used 0K [0x00000000e0000000, 0x00000000e9f00000, 0x0000000100000000)
  eden space 138240K, 0% used [0x00000000e0000000,0x00000000e0000000,0x00000000e8700000)
  from space 8192K, 0% used [0x00000000e8c00000,0x00000000e8c00000,0x00000000e9400000)
  to   space 11264K, 0% used [0x00000000e9400000,0x00000000e9400000,0x00000000e9f00000)
 ParOldGen       total 94208K, used 34674K [0x00000000a0000000, 0x00000000a5c00000, 0x00000000e0000000)
  object space 94208K, 36% used [0x00000000a0000000,0x00000000a21dcb68,0x00000000a5c00000)
 Metaspace       used 57157K, capacity 58794K, committed 58968K, reserved 1099776K
  class space    used 7779K, capacity 8194K, committed 8320K, reserved 1048576K
}
Event: 135.487 GC heap before
{Heap before GC invocations=17 (full 3):
 PSYoungGen      total 146432K, used 137575K [0x00000000e0000000, 0x00000000e9f00000, 0x0000000100000000)
  eden space 138240K, 99% used [0x00000000e0000000,0x00000000e8659e80,0x00000000e8700000)
  from space 8192K, 0% used [0x00000000e8c00000,0x00000000e8c00000,0x00000000e9400000)
  to   space 11264K, 0% used [0x00000000e9400000,0x00000000e9400000,0x00000000e9f00000)
 ParOldGen       total 94208K, used 34674K [0x00000000a0000000, 0x00000000a5c00000, 0x00000000e0000000)
  object space 94208K, 36% used [0x00000000a0000000,0x00000000a21dcb68,0x00000000a5c00000)
 Metaspace       used 68707K, capacity 71024K, committed 71384K, reserved 1110016K
  class space    used 9376K, capacity 9876K, committed 9984K, reserved 1048576K
Event: 135.504 GC heap after
Heap after GC invocations=17 (full 3):
 PSYoungGen      total 149504K, used 11238K [0x00000000e0000000, 0x00000000e9f00000, 0x0000000100000000)
  eden space 138240K, 0% used [0x00000000e0000000,0x00000000e0000000,0x00000000e8700000)
  from space 11264K, 99% used [0x00000000e9400000,0x00000000e9ef9ad8,0x00000000e9f00000)
  to   space 8192K, 0% used [0x00000000e8c00000,0x00000000e8c00000,0x00000000e9400000)
 ParOldGen       total 94208K, used 45723K [0x00000000a0000000, 0x00000000a5c00000, 0x00000000e0000000)
  object space 94208K, 48% used [0x00000000a0000000,0x00000000a2ca6e78,0x00000000a5c00000)
 Metaspace       used 68707K, capacity 71024K, committed 71384K, reserved 1110016K
  class space    used 9376K, capacity 9876K, committed 9984K, reserved 1048576K
}

