# JRE version: OpenJDK Runtime Environment (8.0_152-b02) (build 1.8.0_152-release-1024-b02)
# Java VM: OpenJDK 64-Bit Server VM (25.152-b02 mixed mode windows-amd64 compressed oops)
Heap:
 PSYoungGen      total 299520K, used 203320K [0x00000000e0000000, 0x00000000f7880000, 0x0000000100000000)
  eden space 253440K, 76% used [0x00000000e0000000,0x00000000ebc3d030,0x00000000ef780000)
  from space 46080K, 22% used [0x00000000ef780000,0x00000000f01d1020,0x00000000f2480000)
  to   space 42496K, 0% used [0x00000000f4f00000,0x00000000f4f00000,0x00000000f7880000)
 ParOldGen       total 198656K, used 62580K [0x00000000a0000000, 0x00000000ac200000, 0x00000000e0000000)
  object space 198656K, 31% used [0x00000000a0000000,0x00000000a3d1d0f8,0x00000000ac200000)
 Metaspace       used 97245K, capacity 101224K, committed 102616K, reserved 1138688K
  class space    used 12125K, capacity 12963K, committed 13312K, reserved 1048576K
GC Heap History (10 events):
Event: 3480.676 GC heap before
{Heap before GC invocations=33 (full 4):
 PSYoungGen      total 252928K, used 218594K [0x00000000e0000000, 0x00000000f2580000, 0x0000000100000000)
  eden space 206848K, 100% used [0x00000000e0000000,0x00000000eca00000,0x00000000eca00000)
  from space 46080K, 25% used [0x00000000ef700000,0x00000000f0278908,0x00000000f2400000)
  to   space 46080K, 0% used [0x00000000eca00000,0x00000000eca00000,0x00000000ef700000)
 ParOldGen       total 198656K, used 59616K [0x00000000a0000000, 0x00000000ac200000, 0x00000000e0000000)
  object space 198656K, 30% used [0x00000000a0000000,0x00000000a3a380d8,0x00000000ac200000)
 Metaspace       used 96837K, capacity 100814K, committed 102360K, reserved 1138688K
  class space    used 12108K, capacity 12926K, committed 13312K, reserved 1048576K
Event: 3480.691 GC heap after
Heap after GC invocations=33 (full 4):
 PSYoungGen      total 252928K, used 11779K [0x00000000e0000000, 0x00000000f5180000, 0x0000000100000000)
  eden space 206848K, 0% used [0x00000000e0000000,0x00000000e0000000,0x00000000eca00000)
  from space 46080K, 25% used [0x00000000eca00000,0x00000000ed580f58,0x00000000ef700000)
  to   space 46080K, 0% used [0x00000000f2480000,0x00000000f2480000,0x00000000f5180000)
 ParOldGen       total 198656K, used 59624K [0x00000000a0000000, 0x00000000ac200000, 0x00000000e0000000)
  object space 198656K, 30% used [0x00000000a0000000,0x00000000a3a3a0d8,0x00000000ac200000)
 Metaspace       used 96837K, capacity 100814K, committed 102360K, reserved 1138688K
  class space    used 12108K, capacity 12926K, committed 13312K, reserved 1048576K
}
Event: 3481.464 GC heap before
{Heap before GC invocations=34 (full 4):
 PSYoungGen      total 252928K, used 218627K [0x00000000e0000000, 0x00000000f5180000, 0x0000000100000000)
  eden space 206848K, 100% used [0x00000000e0000000,0x00000000eca00000,0x00000000eca00000)
  from space 46080K, 25% used [0x00000000eca00000,0x00000000ed580f58,0x00000000ef700000)
  to   space 46080K, 0% used [0x00000000f2480000,0x00000000f2480000,0x00000000f5180000)
 ParOldGen       total 198656K, used 59624K [0x00000000a0000000, 0x00000000ac200000, 0x00000000e0000000)
  object space 198656K, 30% used [0x00000000a0000000,0x00000000a3a3a0d8,0x00000000ac200000)
 Metaspace       used 96966K, capacity 100886K, committed 102360K, reserved 1138688K
  class space    used 12113K, capacity 12926K, committed 13312K, reserved 1048576K
Event: 3481.481 GC heap after
Heap after GC invocations=34 (full 4):
 PSYoungGen      total 299520K, used 9586K [0x00000000e0000000, 0x00000000f5180000, 0x0000000100000000)
  eden space 253440K, 0% used [0x00000000e0000000,0x00000000e0000000,0x00000000ef780000)
  from space 46080K, 20% used [0x00000000f2480000,0x00000000f2ddc978,0x00000000f5180000)
  to   space 46080K, 0% used [0x00000000ef780000,0x00000000ef780000,0x00000000f2480000)
 ParOldGen       total 198656K, used 59632K [0x00000000a0000000, 0x00000000ac200000, 0x00000000e0000000)
  object space 198656K, 30% used [0x00000000a0000000,0x00000000a3a3c0d8,0x00000000ac200000)
 Metaspace       used 96966K, capacity 100886K, committed 102360K, reserved 1138688K
  class space    used 12113K, capacity 12926K, committed 13312K, reserved 1048576K
}
Event: 3482.638 GC heap before
{Heap before GC invocations=35 (full 4):
 PSYoungGen      total 299520K, used 263026K [0x00000000e0000000, 0x00000000f5180000, 0x0000000100000000)
  eden space 253440K, 100% used [0x00000000e0000000,0x00000000ef780000,0x00000000ef780000)
  from space 46080K, 20% used [0x00000000f2480000,0x00000000f2ddc978,0x00000000f5180000)
  to   space 46080K, 0% used [0x00000000ef780000,0x00000000ef780000,0x00000000f2480000)
 ParOldGen       total 198656K, used 59632K [0x00000000a0000000, 0x00000000ac200000, 0x00000000e0000000)
  object space 198656K, 30% used [0x00000000a0000000,0x00000000a3a3c0d8,0x00000000ac200000)
 Metaspace       used 97131K, capacity 101144K, committed 102616K, reserved 1138688K
  class space    used 12123K, capacity 12963K, committed 13312K, reserved 1048576K
Event: 3482.660 GC heap after
Heap after GC invocations=35 (full 4):
 PSYoungGen      total 299520K, used 13442K [0x00000000e0000000, 0x00000000f5180000, 0x0000000100000000)
  eden space 253440K, 0% used [0x00000000e0000000,0x00000000e0000000,0x00000000ef780000)
  from space 46080K, 29% used [0x00000000ef780000,0x00000000f04a0850,0x00000000f2480000)
  to   space 46080K, 0% used [0x00000000f2480000,0x00000000f2480000,0x00000000f5180000)
 ParOldGen       total 198656K, used 59640K [0x00000000a0000000, 0x00000000ac200000, 0x00000000e0000000)
  object space 198656K, 30% used [0x00000000a0000000,0x00000000a3a3e0d8,0x00000000ac200000)
 Metaspace       used 97131K, capacity 101144K, committed 102616K, reserved 1138688K
  class space    used 12123K, capacity 12963K, committed 13312K, reserved 1048576K
}
Event: 3483.668 GC heap before
{Heap before GC invocations=36 (full 4):
 PSYoungGen      total 299520K, used 266882K [0x00000000e0000000, 0x00000000f5180000, 0x0000000100000000)
  eden space 253440K, 100% used [0x00000000e0000000,0x00000000ef780000,0x00000000ef780000)
  from space 46080K, 29% used [0x00000000ef780000,0x00000000f04a0850,0x00000000f2480000)
  to   space 46080K, 0% used [0x00000000f2480000,0x00000000f2480000,0x00000000f5180000)
 ParOldGen       total 198656K, used 59640K [0x00000000a0000000, 0x00000000ac200000, 0x00000000e0000000)
  object space 198656K, 30% used [0x00000000a0000000,0x00000000a3a3e0d8,0x00000000ac200000)
 Metaspace       used 97191K, capacity 101156K, committed 102616K, reserved 1138688K
  class space    used 12123K, capacity 12963K, committed 13312K, reserved 1048576K
Event: 3483.692 GC heap after
Heap after GC invocations=36 (full 4):
 PSYoungGen      total 299520K, used 17989K [0x00000000e0000000, 0x00000000f5180000, 0x0000000100000000)
  eden space 253440K, 0% used [0x00000000e0000000,0x00000000e0000000,0x00000000ef780000)
  from space 46080K, 39% used [0x00000000f2480000,0x00000000f3611790,0x00000000f5180000)
  to   space 46080K, 0% used [0x00000000ef780000,0x00000000ef780000,0x00000000f2480000)
 ParOldGen       total 198656K, used 59648K [0x00000000a0000000, 0x00000000ac200000, 0x00000000e0000000)
  object space 198656K, 30% used [0x00000000a0000000,0x00000000a3a400d8,0x00000000ac200000)
 Metaspace       used 97191K, capacity 101156K, committed 102616K, reserved 1138688K
  class space    used 12123K, capacity 12963K, committed 13312K, reserved 1048576K
}
Event: 3484.543 GC heap before
{Heap before GC invocations=37 (full 4):
 PSYoungGen      total 299520K, used 271429K [0x00000000e0000000, 0x00000000f5180000, 0x0000000100000000)
  eden space 253440K, 100% used [0x00000000e0000000,0x00000000ef780000,0x00000000ef780000)
  from space 46080K, 39% used [0x00000000f2480000,0x00000000f3611790,0x00000000f5180000)
  to   space 46080K, 0% used [0x00000000ef780000,0x00000000ef780000,0x00000000f2480000)
 ParOldGen       total 198656K, used 59648K [0x00000000a0000000, 0x00000000ac200000, 0x00000000e0000000)
  object space 198656K, 30% used [0x00000000a0000000,0x00000000a3a400d8,0x00000000ac200000)
 Metaspace       used 97218K, capacity 101220K, committed 102616K, reserved 1138688K
  class space    used 12125K, capacity 12963K, committed 13312K, reserved 1048576K
Event: 3484.561 GC heap after
Heap after GC invocations=37 (full 4):
 PSYoungGen      total 299520K, used 10564K [0x00000000e0000000, 0x00000000f7880000, 0x0000000100000000)
  eden space 253440K, 0% used [0x00000000e0000000,0x00000000e0000000,0x00000000ef780000)
  from space 46080K, 22% used [0x00000000ef780000,0x00000000f01d1020,0x00000000f2480000)
  to   space 42496K, 0% used [0x00000000f4f00000,0x00000000f4f00000,0x00000000f7880000)
 ParOldGen       total 198656K, used 62580K [0x00000000a0000000, 0x00000000ac200000, 0x00000000e0000000)
  object space 198656K, 31% used [0x00000000a0000000,0x00000000a3d1d0f8,0x00000000ac200000)
 Metaspace       used 97218K, capacity 101220K, committed 102616K, reserved 1138688K
  class space    used 12125K, capacity 12963K, committed 13312K, reserved 1048576K
}

