# JRE version: OpenJDK Runtime Environment (8.0_152-b02) (build 1.8.0_152-release-1024-b02)
# Java VM: OpenJDK 64-Bit Server VM (25.152-b02 mixed mode windows-amd64 compressed oops)
Heap:
 PSYoungGen      total 38400K, used 16463K [0x00000000e0000000, 0x00000000e3c00000, 0x0000000100000000)
  eden space 33280K, 34% used [0x00000000e0000000,0x00000000e0b18298,0x00000000e2080000)
  from space 5120K, 99% used [0x00000000e2580000,0x00000000e2a7bb28,0x00000000e2a80000)
  to   space 5120K, 0% used [0x00000000e2080000,0x00000000e2080000,0x00000000e2580000)
 ParOldGen       total 69120K, used 13272K [0x00000000a0000000, 0x00000000a4380000, 0x00000000e0000000)
  object space 69120K, 19% used [0x00000000a0000000,0x00000000a0cf6390,0x00000000a4380000)
 Metaspace       used 27233K, capacity 27705K, committed 28032K, reserved 1073152K
  class space    used 3452K, capacity 3611K, committed 3712K, reserved 1048576K
GC Heap History (10 events):
Event: 0.965 GC heap before
{Heap before GC invocations=2 (full 1):
 PSYoungGen      total 38400K, used 2941K [0x00000000e0000000, 0x00000000e2a80000, 0x0000000100000000)
  eden space 33280K, 0% used [0x00000000e0000000,0x00000000e0000000,0x00000000e2080000)
  from space 5120K, 57% used [0x00000000e2080000,0x00000000e235f490,0x00000000e2580000)
  to   space 5120K, 0% used [0x00000000e2580000,0x00000000e2580000,0x00000000e2a80000)
 ParOldGen       total 87552K, used 8K [0x00000000a0000000, 0x00000000a5580000, 0x00000000e0000000)
  object space 87552K, 0% used [0x00000000a0000000,0x00000000a0002000,0x00000000a5580000)
 Metaspace       used 9180K, capacity 9328K, committed 9600K, reserved 1058816K
  class space    used 989K, capacity 1052K, committed 1152K, reserved 1048576K
Event: 0.977 GC heap after
Heap after GC invocations=2 (full 1):
 PSYoungGen      total 38400K, used 0K [0x00000000e0000000, 0x00000000e2a80000, 0x0000000100000000)
  eden space 33280K, 0% used [0x00000000e0000000,0x00000000e0000000,0x00000000e2080000)
  from space 5120K, 0% used [0x00000000e2080000,0x00000000e2080000,0x00000000e2580000)
  to   space 5120K, 0% used [0x00000000e2580000,0x00000000e2580000,0x00000000e2a80000)
 ParOldGen       total 87552K, used 2780K [0x00000000a0000000, 0x00000000a5580000, 0x00000000e0000000)
  object space 87552K, 3% used [0x00000000a0000000,0x00000000a02b70a8,0x00000000a5580000)
 Metaspace       used 9180K, capacity 9328K, committed 9600K, reserved 1058816K
  class space    used 989K, capacity 1052K, committed 1152K, reserved 1048576K
}
Event: 4.622 GC heap before
{Heap before GC invocations=3 (full 1):
 PSYoungGen      total 38400K, used 33280K [0x00000000e0000000, 0x00000000e2a80000, 0x0000000100000000)
  eden space 33280K, 100% used [0x00000000e0000000,0x00000000e2080000,0x00000000e2080000)
  from space 5120K, 0% used [0x00000000e2080000,0x00000000e2080000,0x00000000e2580000)
  to   space 5120K, 0% used [0x00000000e2580000,0x00000000e2580000,0x00000000e2a80000)
 ParOldGen       total 87552K, used 2780K [0x00000000a0000000, 0x00000000a5580000, 0x00000000e0000000)
  object space 87552K, 3% used [0x00000000a0000000,0x00000000a02b70a8,0x00000000a5580000)
 Metaspace       used 14195K, capacity 14444K, committed 14592K, reserved 1062912K
  class space    used 1655K, capacity 1726K, committed 1792K, reserved 1048576K
Event: 4.629 GC heap after
Heap after GC invocations=3 (full 1):
 PSYoungGen      total 38400K, used 5109K [0x00000000e0000000, 0x00000000e2a80000, 0x0000000100000000)
  eden space 33280K, 0% used [0x00000000e0000000,0x00000000e0000000,0x00000000e2080000)
  from space 5120K, 99% used [0x00000000e2580000,0x00000000e2a7d708,0x00000000e2a80000)
  to   space 5120K, 0% used [0x00000000e2080000,0x00000000e2080000,0x00000000e2580000)
 ParOldGen       total 87552K, used 5130K [0x00000000a0000000, 0x00000000a5580000, 0x00000000e0000000)
  object space 87552K, 5% used [0x00000000a0000000,0x00000000a0502a00,0x00000000a5580000)
 Metaspace       used 14195K, capacity 14444K, committed 14592K, reserved 1062912K
  class space    used 1655K, capacity 1726K, committed 1792K, reserved 1048576K
}
Event: 5.314 GC heap before
{Heap before GC invocations=4 (full 1):
 PSYoungGen      total 38400K, used 35588K [0x00000000e0000000, 0x00000000e2a80000, 0x0000000100000000)
  eden space 33280K, 91% used [0x00000000e0000000,0x00000000e1dc3af8,0x00000000e2080000)
  from space 5120K, 99% used [0x00000000e2580000,0x00000000e2a7d708,0x00000000e2a80000)
  to   space 5120K, 0% used [0x00000000e2080000,0x00000000e2080000,0x00000000e2580000)
 ParOldGen       total 87552K, used 5130K [0x00000000a0000000, 0x00000000a5580000, 0x00000000e0000000)
  object space 87552K, 5% used [0x00000000a0000000,0x00000000a0502a00,0x00000000a5580000)
 Metaspace       used 20688K, capacity 21042K, committed 21296K, reserved 1069056K
  class space    used 2477K, capacity 2597K, committed 2688K, reserved 1048576K
Event: 5.325 GC heap after
Heap after GC invocations=4 (full 1):
 PSYoungGen      total 38400K, used 5101K [0x00000000e0000000, 0x00000000e2a80000, 0x0000000100000000)
  eden space 33280K, 0% used [0x00000000e0000000,0x00000000e0000000,0x00000000e2080000)
  from space 5120K, 99% used [0x00000000e2080000,0x00000000e257b410,0x00000000e2580000)
  to   space 5120K, 0% used [0x00000000e2580000,0x00000000e2580000,0x00000000e2a80000)
 ParOldGen       total 87552K, used 9783K [0x00000000a0000000, 0x00000000a5580000, 0x00000000e0000000)
  object space 87552K, 11% used [0x00000000a0000000,0x00000000a098dc48,0x00000000a5580000)
 Metaspace       used 20688K, capacity 21042K, committed 21296K, reserved 1069056K
  class space    used 2477K, capacity 2597K, committed 2688K, reserved 1048576K
}
Event: 5.325 GC heap before
{Heap before GC invocations=5 (full 2):
 PSYoungGen      total 38400K, used 5101K [0x00000000e0000000, 0x00000000e2a80000, 0x0000000100000000)
  eden space 33280K, 0% used [0x00000000e0000000,0x00000000e0000000,0x00000000e2080000)
  from space 5120K, 99% used [0x00000000e2080000,0x00000000e257b410,0x00000000e2580000)
  to   space 5120K, 0% used [0x00000000e2580000,0x00000000e2580000,0x00000000e2a80000)
 ParOldGen       total 87552K, used 9783K [0x00000000a0000000, 0x00000000a5580000, 0x00000000e0000000)
  object space 87552K, 11% used [0x00000000a0000000,0x00000000a098dc48,0x00000000a5580000)
 Metaspace       used 20688K, capacity 21042K, committed 21296K, reserved 1069056K
  class space    used 2477K, capacity 2597K, committed 2688K, reserved 1048576K
Event: 5.372 GC heap after
Heap after GC invocations=5 (full 2):
 PSYoungGen      total 38400K, used 0K [0x00000000e0000000, 0x00000000e2a80000, 0x0000000100000000)
  eden space 33280K, 0% used [0x00000000e0000000,0x00000000e0000000,0x00000000e2080000)
  from space 5120K, 0% used [0x00000000e2080000,0x00000000e2080000,0x00000000e2580000)
  to   space 5120K, 0% used [0x00000000e2580000,0x00000000e2580000,0x00000000e2a80000)
 ParOldGen       total 69120K, used 10846K [0x00000000a0000000, 0x00000000a4380000, 0x00000000e0000000)
  object space 69120K, 15% used [0x00000000a0000000,0x00000000a0a97ad0,0x00000000a4380000)
 Metaspace       used 20688K, capacity 21042K, committed 21296K, reserved 1069056K
  class space    used 2477K, capacity 2597K, committed 2688K, reserved 1048576K
}
Event: 6.038 GC heap before
{Heap before GC invocations=6 (full 2):
 PSYoungGen      total 38400K, used 33280K [0x00000000e0000000, 0x00000000e2a80000, 0x0000000100000000)
  eden space 33280K, 100% used [0x00000000e0000000,0x00000000e2080000,0x00000000e2080000)
  from space 5120K, 0% used [0x00000000e2080000,0x00000000e2080000,0x00000000e2580000)
  to   space 5120K, 0% used [0x00000000e2580000,0x00000000e2580000,0x00000000e2a80000)
 ParOldGen       total 69120K, used 10846K [0x00000000a0000000, 0x00000000a4380000, 0x00000000e0000000)
  object space 69120K, 15% used [0x00000000a0000000,0x00000000a0a97ad0,0x00000000a4380000)
 Metaspace       used 25170K, capacity 25652K, committed 25984K, reserved 1071104K
  class space    used 3187K, capacity 3354K, committed 3456K, reserved 1048576K
Event: 6.052 GC heap after
Heap after GC invocations=6 (full 2):
 PSYoungGen      total 38400K, used 5102K [0x00000000e0000000, 0x00000000e3c00000, 0x0000000100000000)
  eden space 33280K, 0% used [0x00000000e0000000,0x00000000e0000000,0x00000000e2080000)
  from space 5120K, 99% used [0x00000000e2580000,0x00000000e2a7bb28,0x00000000e2a80000)
  to   space 5120K, 0% used [0x00000000e2080000,0x00000000e2080000,0x00000000e2580000)
 ParOldGen       total 69120K, used 13272K [0x00000000a0000000, 0x00000000a4380000, 0x00000000e0000000)
  object space 69120K, 19% used [0x00000000a0000000,0x00000000a0cf6390,0x00000000a4380000)
 Metaspace       used 25170K, capacity 25652K, committed 25984K, reserved 1071104K
  class space    used 3187K, capacity 3354K, committed 3456K, reserved 1048576K
}

