# JRE version: OpenJDK Runtime Environment (8.0_152-b02) (build 1.8.0_152-release-1024-b02)
# Java VM: OpenJDK 64-Bit Server VM (25.152-b02 mixed mode windows-amd64 compressed oops)
Heap:
 PSYoungGen      total 155136K, used 67761K [0x00000000e0000000, 0x00000000eba80000, 0x0000000100000000)
  eden space 146944K, 40% used [0x00000000e0000000,0x00000000e3a9a648,0x00000000e8f80000)
  from space 8192K, 94% used [0x00000000eb280000,0x00000000eba12070,0x00000000eba80000)
  to   space 15872K, 0% used [0x00000000e9b80000,0x00000000e9b80000,0x00000000eab00000)
 ParOldGen       total 143360K, used 35854K [0x00000000a0000000, 0x00000000a8c00000, 0x00000000e0000000)
  object space 143360K, 25% used [0x00000000a0000000,0x00000000a2303898,0x00000000a8c00000)
 Metaspace       used 65112K, capacity 67294K, committed 67416K, reserved 1107968K
  class space    used 8559K, capacity 9040K, committed 9088K, reserved 1048576K
GC Heap History (10 events):
Event: 11.268 GC heap before
{Heap before GC invocations=15 (full 2):
 PSYoungGen      total 137728K, used 87625K [0x00000000e0000000, 0x00000000ea180000, 0x0000000100000000)
  eden space 123904K, 59% used [0x00000000e0000000,0x00000000e4812b20,0x00000000e7900000)
  from space 13824K, 99% used [0x00000000e8a80000,0x00000000e97ffa50,0x00000000e9800000)
  to   space 17920K, 0% used [0x00000000e7900000,0x00000000e7900000,0x00000000e8a80000)
 ParOldGen       total 89600K, used 24807K [0x00000000a0000000, 0x00000000a5780000, 0x00000000e0000000)
  object space 89600K, 27% used [0x00000000a0000000,0x00000000a1839d40,0x00000000a5780000)
 Metaspace       used 57390K, capacity 58946K, committed 59028K, reserved 1099776K
  class space    used 7813K, capacity 8192K, committed 8192K, reserved 1048576K
Event: 11.285 GC heap after
Heap after GC invocations=15 (full 2):
 PSYoungGen      total 141824K, used 7401K [0x00000000e0000000, 0x00000000ebb80000, 0x0000000100000000)
  eden space 123904K, 0% used [0x00000000e0000000,0x00000000e0000000,0x00000000e7900000)
  from space 17920K, 41% used [0x00000000e7900000,0x00000000e803a4d8,0x00000000e8a80000)
  to   space 17408K, 0% used [0x00000000eaa80000,0x00000000eaa80000,0x00000000ebb80000)
 ParOldGen       total 89600K, used 35273K [0x00000000a0000000, 0x00000000a5780000, 0x00000000e0000000)
  object space 89600K, 39% used [0x00000000a0000000,0x00000000a22726d0,0x00000000a5780000)
 Metaspace       used 57390K, capacity 58946K, committed 59028K, reserved 1099776K
  class space    used 7813K, capacity 8192K, committed 8192K, reserved 1048576K
}
Event: 11.285 GC heap before
{Heap before GC invocations=16 (full 3):
 PSYoungGen      total 141824K, used 7401K [0x00000000e0000000, 0x00000000ebb80000, 0x0000000100000000)
  eden space 123904K, 0% used [0x00000000e0000000,0x00000000e0000000,0x00000000e7900000)
  from space 17920K, 41% used [0x00000000e7900000,0x00000000e803a4d8,0x00000000e8a80000)
  to   space 17408K, 0% used [0x00000000eaa80000,0x00000000eaa80000,0x00000000ebb80000)
 ParOldGen       total 89600K, used 35273K [0x00000000a0000000, 0x00000000a5780000, 0x00000000e0000000)
  object space 89600K, 39% used [0x00000000a0000000,0x00000000a22726d0,0x00000000a5780000)
 Metaspace       used 57390K, capacity 58946K, committed 59028K, reserved 1099776K
  class space    used 7813K, capacity 8192K, committed 8192K, reserved 1048576K
Event: 11.562 GC heap after
Heap after GC invocations=16 (full 3):
 PSYoungGen      total 141824K, used 0K [0x00000000e0000000, 0x00000000ebb80000, 0x0000000100000000)
  eden space 123904K, 0% used [0x00000000e0000000,0x00000000e0000000,0x00000000e7900000)
  from space 17920K, 0% used [0x00000000e7900000,0x00000000e7900000,0x00000000e8a80000)
  to   space 17408K, 0% used [0x00000000eaa80000,0x00000000eaa80000,0x00000000ebb80000)
 ParOldGen       total 143360K, used 35830K [0x00000000a0000000, 0x00000000a8c00000, 0x00000000e0000000)
  object space 143360K, 24% used [0x00000000a0000000,0x00000000a22fd898,0x00000000a8c00000)
 Metaspace       used 57390K, capacity 58946K, committed 59028K, reserved 1099776K
  class space    used 7813K, capacity 8192K, committed 8192K, reserved 1048576K
}
Event: 531.046 GC heap before
{Heap before GC invocations=17 (full 3):
 PSYoungGen      total 141824K, used 123904K [0x00000000e0000000, 0x00000000ebb80000, 0x0000000100000000)
  eden space 123904K, 100% used [0x00000000e0000000,0x00000000e7900000,0x00000000e7900000)
  from space 17920K, 0% used [0x00000000e7900000,0x00000000e7900000,0x00000000e8a80000)
  to   space 17408K, 0% used [0x00000000eaa80000,0x00000000eaa80000,0x00000000ebb80000)
 ParOldGen       total 143360K, used 35830K [0x00000000a0000000, 0x00000000a8c00000, 0x00000000e0000000)
  object space 143360K, 24% used [0x00000000a0000000,0x00000000a22fd898,0x00000000a8c00000)
 Metaspace       used 62342K, capacity 64126K, committed 64344K, reserved 1105920K
  class space    used 8349K, capacity 8766K, committed 8832K, reserved 1048576K
Event: 531.062 GC heap after
Heap after GC invocations=17 (full 3):
 PSYoungGen      total 156160K, used 10045K [0x00000000e0000000, 0x00000000eb480000, 0x0000000100000000)
  eden space 145920K, 0% used [0x00000000e0000000,0x00000000e0000000,0x00000000e8e80000)
  from space 10240K, 98% used [0x00000000eaa80000,0x00000000eb44f440,0x00000000eb480000)
  to   space 16896K, 0% used [0x00000000e9380000,0x00000000e9380000,0x00000000ea400000)
 ParOldGen       total 143360K, used 35838K [0x00000000a0000000, 0x00000000a8c00000, 0x00000000e0000000)
  object space 143360K, 24% used [0x00000000a0000000,0x00000000a22ff898,0x00000000a8c00000)
 Metaspace       used 62342K, capacity 64126K, committed 64344K, reserved 1105920K
  class space    used 8349K, capacity 8766K, committed 8832K, reserved 1048576K
}
Event: 754.388 GC heap before
{Heap before GC invocations=18 (full 3):
 PSYoungGen      total 156160K, used 155965K [0x00000000e0000000, 0x00000000eb480000, 0x0000000100000000)
  eden space 145920K, 100% used [0x00000000e0000000,0x00000000e8e80000,0x00000000e8e80000)
  from space 10240K, 98% used [0x00000000eaa80000,0x00000000eb44f440,0x00000000eb480000)
  to   space 16896K, 0% used [0x00000000e9380000,0x00000000e9380000,0x00000000ea400000)
 ParOldGen       total 143360K, used 35838K [0x00000000a0000000, 0x00000000a8c00000, 0x00000000e0000000)
  object space 143360K, 24% used [0x00000000a0000000,0x00000000a22ff898,0x00000000a8c00000)
 Metaspace       used 63196K, capacity 65276K, committed 65496K, reserved 1105920K
  class space    used 8388K, capacity 8837K, committed 8960K, reserved 1048576K
Event: 754.409 GC heap after
Heap after GC invocations=18 (full 3):
 PSYoungGen      total 167936K, used 9192K [0x00000000e0000000, 0x00000000ec280000, 0x0000000100000000)
  eden space 151040K, 0% used [0x00000000e0000000,0x00000000e0000000,0x00000000e9380000)
  from space 16896K, 54% used [0x00000000e9380000,0x00000000e9c7a060,0x00000000ea400000)
  to   space 16384K, 0% used [0x00000000eb280000,0x00000000eb280000,0x00000000ec280000)
 ParOldGen       total 143360K, used 35846K [0x00000000a0000000, 0x00000000a8c00000, 0x00000000e0000000)
  object space 143360K, 25% used [0x00000000a0000000,0x00000000a2301898,0x00000000a8c00000)
 Metaspace       used 63196K, capacity 65276K, committed 65496K, reserved 1105920K
  class space    used 8388K, capacity 8837K, committed 8960K, reserved 1048576K
}
Event: 928.633 GC heap before
{Heap before GC invocations=19 (full 3):
 PSYoungGen      total 167936K, used 160232K [0x00000000e0000000, 0x00000000ec280000, 0x0000000100000000)
  eden space 151040K, 100% used [0x00000000e0000000,0x00000000e9380000,0x00000000e9380000)
  from space 16896K, 54% used [0x00000000e9380000,0x00000000e9c7a060,0x00000000ea400000)
  to   space 16384K, 0% used [0x00000000eb280000,0x00000000eb280000,0x00000000ec280000)
 ParOldGen       total 143360K, used 35846K [0x00000000a0000000, 0x00000000a8c00000, 0x00000000e0000000)
  object space 143360K, 25% used [0x00000000a0000000,0x00000000a2301898,0x00000000a8c00000)
 Metaspace       used 63769K, capacity 65942K, committed 66264K, reserved 1105920K
  class space    used 8407K, capacity 8872K, committed 8960K, reserved 1048576K
Event: 928.650 GC heap after
Heap after GC invocations=19 (full 3):
 PSYoungGen      total 155136K, used 7752K [0x00000000e0000000, 0x00000000eba80000, 0x0000000100000000)
  eden space 146944K, 0% used [0x00000000e0000000,0x00000000e0000000,0x00000000e8f80000)
  from space 8192K, 94% used [0x00000000eb280000,0x00000000eba12070,0x00000000eba80000)
  to   space 15872K, 0% used [0x00000000e9b80000,0x00000000e9b80000,0x00000000eab00000)
 ParOldGen       total 143360K, used 35854K [0x00000000a0000000, 0x00000000a8c00000, 0x00000000e0000000)
  object space 143360K, 25% used [0x00000000a0000000,0x00000000a2303898,0x00000000a8c00000)
 Metaspace       used 63769K, capacity 65942K, committed 66264K, reserved 1105920K
  class space    used 8407K, capacity 8872K, committed 8960K, reserved 1048576K
}

