# JRE version: OpenJDK Runtime Environment (8.0_152-b02) (build 1.8.0_152-release-1024-b02)
# Java VM: OpenJDK 64-Bit Server VM (25.152-b02 mixed mode windows-amd64 compressed oops)
Heap:
 PSYoungGen      total 130048K, used 51696K [0x00000000e0000000, 0x00000000eb880000, 0x0000000100000000)
  eden space 113152K, 30% used [0x00000000e0000000,0x00000000e21fcd40,0x00000000e6e80000)
  from space 16896K, 99% used [0x00000000e6e80000,0x00000000e7eff3b0,0x00000000e7f00000)
  to   space 23040K, 0% used [0x00000000ea200000,0x00000000ea200000,0x00000000eb880000)
 ParOldGen       total 95744K, used 33802K [0x00000000a0000000, 0x00000000a5d80000, 0x00000000e0000000)
  object space 95744K, 35% used [0x00000000a0000000,0x00000000a2102af0,0x00000000a5d80000)
 Metaspace       used 57052K, capacity 58698K, committed 58840K, reserved 1099776K
  class space    used 7671K, capacity 8088K, committed 8192K, reserved 1048576K
GC Heap History (10 events):
Event: 8.179 GC heap before
{Heap before GC invocations=11 (full 2):
 PSYoungGen      total 82432K, used 8628K [0x00000000e0000000, 0x00000000e7180000, 0x0000000100000000)
  eden space 71168K, 0% used [0x00000000e0000000,0x00000000e0000000,0x00000000e4580000)
  from space 11264K, 76% used [0x00000000e4580000,0x00000000e4ded228,0x00000000e5080000)
  to   space 11264K, 0% used [0x00000000e6680000,0x00000000e6680000,0x00000000e7180000)
 ParOldGen       total 62464K, used 8421K [0x00000000a0000000, 0x00000000a3d00000, 0x00000000e0000000)
  object space 62464K, 13% used [0x00000000a0000000,0x00000000a0839790,0x00000000a3d00000)
 Metaspace       used 34698K, capacity 35260K, committed 35416K, reserved 1079296K
  class space    used 4780K, capacity 4972K, committed 4992K, reserved 1048576K
Event: 8.259 GC heap after
Heap after GC invocations=11 (full 2):
 PSYoungGen      total 82432K, used 0K [0x00000000e0000000, 0x00000000e7180000, 0x0000000100000000)
  eden space 71168K, 0% used [0x00000000e0000000,0x00000000e0000000,0x00000000e4580000)
  from space 11264K, 0% used [0x00000000e4580000,0x00000000e4580000,0x00000000e5080000)
  to   space 11264K, 0% used [0x00000000e6680000,0x00000000e6680000,0x00000000e7180000)
 ParOldGen       total 95744K, used 15313K [0x00000000a0000000, 0x00000000a5d80000, 0x00000000e0000000)
  object space 95744K, 15% used [0x00000000a0000000,0x00000000a0ef4610,0x00000000a5d80000)
 Metaspace       used 34698K, capacity 35260K, committed 35416K, reserved 1079296K
  class space    used 4780K, capacity 4972K, committed 4992K, reserved 1048576K
}
Event: 8.932 GC heap before
{Heap before GC invocations=12 (full 2):
 PSYoungGen      total 82432K, used 71168K [0x00000000e0000000, 0x00000000e7180000, 0x0000000100000000)
  eden space 71168K, 100% used [0x00000000e0000000,0x00000000e4580000,0x00000000e4580000)
  from space 11264K, 0% used [0x00000000e4580000,0x00000000e4580000,0x00000000e5080000)
  to   space 11264K, 0% used [0x00000000e6680000,0x00000000e6680000,0x00000000e7180000)
 ParOldGen       total 95744K, used 15313K [0x00000000a0000000, 0x00000000a5d80000, 0x00000000e0000000)
  object space 95744K, 15% used [0x00000000a0000000,0x00000000a0ef4610,0x00000000a5d80000)
 Metaspace       used 38362K, capacity 39056K, committed 39256K, reserved 1083392K
  class space    used 5232K, capacity 5466K, committed 5504K, reserved 1048576K
Event: 8.945 GC heap after
Heap after GC invocations=12 (full 2):
 PSYoungGen      total 100864K, used 6742K [0x00000000e0000000, 0x00000000e6f80000, 0x0000000100000000)
  eden space 91648K, 0% used [0x00000000e0000000,0x00000000e0000000,0x00000000e5980000)
  from space 9216K, 73% used [0x00000000e6680000,0x00000000e6d159f8,0x00000000e6f80000)
  to   space 11264K, 0% used [0x00000000e5980000,0x00000000e5980000,0x00000000e6480000)
 ParOldGen       total 95744K, used 15313K [0x00000000a0000000, 0x00000000a5d80000, 0x00000000e0000000)
  object space 95744K, 15% used [0x00000000a0000000,0x00000000a0ef4610,0x00000000a5d80000)
 Metaspace       used 38362K, capacity 39056K, committed 39256K, reserved 1083392K
  class space    used 5232K, capacity 5466K, committed 5504K, reserved 1048576K
}
Event: 10.489 GC heap before
{Heap before GC invocations=13 (full 2):
 PSYoungGen      total 100864K, used 98390K [0x00000000e0000000, 0x00000000e6f80000, 0x0000000100000000)
  eden space 91648K, 100% used [0x00000000e0000000,0x00000000e5980000,0x00000000e5980000)
  from space 9216K, 73% used [0x00000000e6680000,0x00000000e6d159f8,0x00000000e6f80000)
  to   space 11264K, 0% used [0x00000000e5980000,0x00000000e5980000,0x00000000e6480000)
 ParOldGen       total 95744K, used 15313K [0x00000000a0000000, 0x00000000a5d80000, 0x00000000e0000000)
  object space 95744K, 15% used [0x00000000a0000000,0x00000000a0ef4610,0x00000000a5d80000)
 Metaspace       used 46561K, capacity 47464K, committed 47832K, reserved 1091584K
  class space    used 6313K, capacity 6569K, committed 6656K, reserved 1048576K
Event: 10.505 GC heap after
Heap after GC invocations=13 (full 2):
 PSYoungGen      total 102912K, used 11244K [0x00000000e0000000, 0x00000000e8c00000, 0x0000000100000000)
  eden space 91648K, 0% used [0x00000000e0000000,0x00000000e0000000,0x00000000e5980000)
  from space 11264K, 99% used [0x00000000e5980000,0x00000000e647b388,0x00000000e6480000)
  to   space 13312K, 0% used [0x00000000e7f00000,0x00000000e7f00000,0x00000000e8c00000)
 ParOldGen       total 95744K, used 18445K [0x00000000a0000000, 0x00000000a5d80000, 0x00000000e0000000)
  object space 95744K, 19% used [0x00000000a0000000,0x00000000a1203488,0x00000000a5d80000)
 Metaspace       used 46561K, capacity 47464K, committed 47832K, reserved 1091584K
  class space    used 6313K, capacity 6569K, committed 6656K, reserved 1048576K
}
Event: 12.138 GC heap before
{Heap before GC invocations=14 (full 2):
 PSYoungGen      total 102912K, used 102892K [0x00000000e0000000, 0x00000000e8c00000, 0x0000000100000000)
  eden space 91648K, 100% used [0x00000000e0000000,0x00000000e5980000,0x00000000e5980000)
  from space 11264K, 99% used [0x00000000e5980000,0x00000000e647b388,0x00000000e6480000)
  to   space 13312K, 0% used [0x00000000e7f00000,0x00000000e7f00000,0x00000000e8c00000)
 ParOldGen       total 95744K, used 18445K [0x00000000a0000000, 0x00000000a5d80000, 0x00000000e0000000)
  object space 95744K, 19% used [0x00000000a0000000,0x00000000a1203488,0x00000000a5d80000)
 Metaspace       used 53249K, capacity 54892K, committed 55000K, reserved 1097728K
  class space    used 7266K, capacity 7661K, committed 7680K, reserved 1048576K
Event: 12.163 GC heap after
Heap after GC invocations=14 (full 2):
 PSYoungGen      total 126464K, used 13294K [0x00000000e0000000, 0x00000000e9300000, 0x0000000100000000)
  eden space 113152K, 0% used [0x00000000e0000000,0x00000000e0000000,0x00000000e6e80000)
  from space 13312K, 99% used [0x00000000e7f00000,0x00000000e8bfbbe8,0x00000000e8c00000)
  to   space 16896K, 0% used [0x00000000e6e80000,0x00000000e6e80000,0x00000000e7f00000)
 ParOldGen       total 95744K, used 23752K [0x00000000a0000000, 0x00000000a5d80000, 0x00000000e0000000)
  object space 95744K, 24% used [0x00000000a0000000,0x00000000a1732178,0x00000000a5d80000)
 Metaspace       used 53249K, capacity 54892K, committed 55000K, reserved 1097728K
  class space    used 7266K, capacity 7661K, committed 7680K, reserved 1048576K
}
Event: 16.107 GC heap before
{Heap before GC invocations=15 (full 2):
 PSYoungGen      total 126464K, used 126446K [0x00000000e0000000, 0x00000000e9300000, 0x0000000100000000)
  eden space 113152K, 100% used [0x00000000e0000000,0x00000000e6e80000,0x00000000e6e80000)
  from space 13312K, 99% used [0x00000000e7f00000,0x00000000e8bfbbe8,0x00000000e8c00000)
  to   space 16896K, 0% used [0x00000000e6e80000,0x00000000e6e80000,0x00000000e7f00000)
 ParOldGen       total 95744K, used 23752K [0x00000000a0000000, 0x00000000a5d80000, 0x00000000e0000000)
  object space 95744K, 24% used [0x00000000a0000000,0x00000000a1732178,0x00000000a5d80000)
 Metaspace       used 55897K, capacity 57578K, committed 57944K, reserved 1099776K
  class space    used 7552K, capacity 7952K, committed 8064K, reserved 1048576K
Event: 16.157 GC heap after
Heap after GC invocations=15 (full 2):
 PSYoungGen      total 130048K, used 16892K [0x00000000e0000000, 0x00000000eb880000, 0x0000000100000000)
  eden space 113152K, 0% used [0x00000000e0000000,0x00000000e0000000,0x00000000e6e80000)
  from space 16896K, 99% used [0x00000000e6e80000,0x00000000e7eff3b0,0x00000000e7f00000)
  to   space 23040K, 0% used [0x00000000ea200000,0x00000000ea200000,0x00000000eb880000)
 ParOldGen       total 95744K, used 33802K [0x00000000a0000000, 0x00000000a5d80000, 0x00000000e0000000)
  object space 95744K, 35% used [0x00000000a0000000,0x00000000a2102af0,0x00000000a5d80000)
 Metaspace       used 55897K, capacity 57578K, committed 57944K, reserved 1099776K
  class space    used 7552K, capacity 7952K, committed 8064K, reserved 1048576K
}

