# JRE version: OpenJDK Runtime Environment (8.0_152-b02) (build 1.8.0_152-release-1024-b02)
# Java VM: OpenJDK 64-Bit Server VM (25.152-b02 mixed mode windows-amd64 compressed oops)
Heap:
 PSYoungGen      total 477696K, used 123110K [0x00000000e0000000, 0x00000000ff300000, 0x0000000100000000)
  eden space 452608K, 22% used [0x00000000e0000000,0x00000000e6385610,0x00000000fba00000)
  from space 25088K, 84% used [0x00000000fda80000,0x00000000fef34230,0x00000000ff300000)
  to   space 29184K, 0% used [0x00000000fba00000,0x00000000fba00000,0x00000000fd680000)
 ParOldGen       total 137728K, used 65320K [0x00000000a0000000, 0x00000000a8680000, 0x00000000e0000000)
  object space 137728K, 47% used [0x00000000a0000000,0x00000000a3fca278,0x00000000a8680000)
 Metaspace       used 75707K, capacity 79088K, committed 79192K, reserved 1118208K
  class space    used 9895K, capacity 10529K, committed 10624K, reserved 1048576K
GC Heap History (10 events):
Event: 25.948 GC heap before
{Heap before GC invocations=27 (full 3):
 PSYoungGen      total 354304K, used 343307K [0x00000000e0000000, 0x00000000fa700000, 0x0000000100000000)
  eden space 333312K, 100% used [0x00000000e0000000,0x00000000f4580000,0x00000000f4580000)
  from space 20992K, 47% used [0x00000000f4580000,0x00000000f4f42f30,0x00000000f5a00000)
  to   space 19968K, 0% used [0x00000000f9380000,0x00000000f9380000,0x00000000fa700000)
 ParOldGen       total 137728K, used 59141K [0x00000000a0000000, 0x00000000a8680000, 0x00000000e0000000)
  object space 137728K, 42% used [0x00000000a0000000,0x00000000a39c1658,0x00000000a8680000)
 Metaspace       used 68860K, capacity 71460K, committed 71640K, reserved 1112064K
  class space    used 9189K, capacity 9697K, committed 9728K, reserved 1048576K
Event: 25.952 GC heap after
Heap after GC invocations=27 (full 3):
 PSYoungGen      total 397824K, used 672K [0x00000000e0000000, 0x00000000fa000000, 0x0000000100000000)
  eden space 385024K, 0% used [0x00000000e0000000,0x00000000e0000000,0x00000000f7800000)
  from space 12800K, 5% used [0x00000000f9380000,0x00000000f9428010,0x00000000fa000000)
  to   space 20480K, 0% used [0x00000000f7800000,0x00000000f7800000,0x00000000f8c00000)
 ParOldGen       total 137728K, used 59141K [0x00000000a0000000, 0x00000000a8680000, 0x00000000e0000000)
  object space 137728K, 42% used [0x00000000a0000000,0x00000000a39c1658,0x00000000a8680000)
 Metaspace       used 68860K, capacity 71460K, committed 71640K, reserved 1112064K
  class space    used 9189K, capacity 9697K, committed 9728K, reserved 1048576K
}
Event: 30.508 GC heap before
{Heap before GC invocations=28 (full 3):
 PSYoungGen      total 397824K, used 385696K [0x00000000e0000000, 0x00000000fa000000, 0x0000000100000000)
  eden space 385024K, 100% used [0x00000000e0000000,0x00000000f7800000,0x00000000f7800000)
  from space 12800K, 5% used [0x00000000f9380000,0x00000000f9428010,0x00000000fa000000)
  to   space 20480K, 0% used [0x00000000f7800000,0x00000000f7800000,0x00000000f8c00000)
 ParOldGen       total 137728K, used 59141K [0x00000000a0000000, 0x00000000a8680000, 0x00000000e0000000)
  object space 137728K, 42% used [0x00000000a0000000,0x00000000a39c1658,0x00000000a8680000)
 Metaspace       used 69731K, capacity 72362K, committed 72536K, reserved 1112064K
  class space    used 9267K, capacity 9800K, committed 9856K, reserved 1048576K
Event: 30.562 GC heap after
Heap after GC invocations=28 (full 3):
 PSYoungGen      total 405504K, used 20449K [0x00000000e0000000, 0x00000000fd400000, 0x0000000100000000)
  eden space 385024K, 0% used [0x00000000e0000000,0x00000000e0000000,0x00000000f7800000)
  from space 20480K, 99% used [0x00000000f7800000,0x00000000f8bf85b8,0x00000000f8c00000)
  to   space 25600K, 0% used [0x00000000fbb00000,0x00000000fbb00000,0x00000000fd400000)
 ParOldGen       total 137728K, used 65056K [0x00000000a0000000, 0x00000000a8680000, 0x00000000e0000000)
  object space 137728K, 47% used [0x00000000a0000000,0x00000000a3f88238,0x00000000a8680000)
 Metaspace       used 69731K, capacity 72362K, committed 72536K, reserved 1112064K
  class space    used 9267K, capacity 9800K, committed 9856K, reserved 1048576K
}
Event: 37.331 GC heap before
{Heap before GC invocations=29 (full 3):
 PSYoungGen      total 405504K, used 404978K [0x00000000e0000000, 0x00000000fd400000, 0x0000000100000000)
  eden space 385024K, 99% used [0x00000000e0000000,0x00000000f7784390,0x00000000f7800000)
  from space 20480K, 99% used [0x00000000f7800000,0x00000000f8bf85b8,0x00000000f8c00000)
  to   space 25600K, 0% used [0x00000000fbb00000,0x00000000fbb00000,0x00000000fd400000)
 ParOldGen       total 137728K, used 65056K [0x00000000a0000000, 0x00000000a8680000, 0x00000000e0000000)
  object space 137728K, 47% used [0x00000000a0000000,0x00000000a3f88238,0x00000000a8680000)
 Metaspace       used 70615K, capacity 73426K, committed 73688K, reserved 1114112K
  class space    used 9388K, capacity 9942K, committed 9984K, reserved 1048576K
Event: 37.350 GC heap after
Heap after GC invocations=29 (full 3):
 PSYoungGen      total 441344K, used 13744K [0x00000000e0000000, 0x00000000fce00000, 0x0000000100000000)
  eden space 421888K, 0% used [0x00000000e0000000,0x00000000e0000000,0x00000000f9c00000)
  from space 19456K, 70% used [0x00000000fbb00000,0x00000000fc86c350,0x00000000fce00000)
  to   space 25600K, 0% used [0x00000000f9c00000,0x00000000f9c00000,0x00000000fb500000)
 ParOldGen       total 137728K, used 65304K [0x00000000a0000000, 0x00000000a8680000, 0x00000000e0000000)
  object space 137728K, 47% used [0x00000000a0000000,0x00000000a3fc6278,0x00000000a8680000)
 Metaspace       used 70615K, capacity 73426K, committed 73688K, reserved 1114112K
  class space    used 9388K, capacity 9942K, committed 9984K, reserved 1048576K
}
Event: 41.280 GC heap before
{Heap before GC invocations=30 (full 3):
 PSYoungGen      total 441344K, used 434681K [0x00000000e0000000, 0x00000000fce00000, 0x0000000100000000)
  eden space 421888K, 99% used [0x00000000e0000000,0x00000000f9b121e0,0x00000000f9c00000)
  from space 19456K, 70% used [0x00000000fbb00000,0x00000000fc86c350,0x00000000fce00000)
  to   space 25600K, 0% used [0x00000000f9c00000,0x00000000f9c00000,0x00000000fb500000)
 ParOldGen       total 137728K, used 65304K [0x00000000a0000000, 0x00000000a8680000, 0x00000000e0000000)
  object space 137728K, 47% used [0x00000000a0000000,0x00000000a3fc6278,0x00000000a8680000)
 Metaspace       used 71513K, capacity 74498K, committed 74584K, reserved 1114112K
  class space    used 9519K, capacity 10100K, committed 10112K, reserved 1048576K
Event: 41.304 GC heap after
Heap after GC invocations=30 (full 3):
 PSYoungGen      total 447488K, used 17962K [0x00000000e0000000, 0x00000000ff500000, 0x0000000100000000)
  eden space 421888K, 0% used [0x00000000e0000000,0x00000000e0000000,0x00000000f9c00000)
  from space 25600K, 70% used [0x00000000f9c00000,0x00000000fad8a928,0x00000000fb500000)
  to   space 27136K, 0% used [0x00000000fda80000,0x00000000fda80000,0x00000000ff500000)
 ParOldGen       total 137728K, used 65312K [0x00000000a0000000, 0x00000000a8680000, 0x00000000e0000000)
  object space 137728K, 47% used [0x00000000a0000000,0x00000000a3fc8278,0x00000000a8680000)
 Metaspace       used 71513K, capacity 74498K, committed 74584K, reserved 1114112K
  class space    used 9519K, capacity 10100K, committed 10112K, reserved 1048576K
}
Event: 65.355 GC heap before
{Heap before GC invocations=31 (full 3):
 PSYoungGen      total 447488K, used 439850K [0x00000000e0000000, 0x00000000ff500000, 0x0000000100000000)
  eden space 421888K, 100% used [0x00000000e0000000,0x00000000f9c00000,0x00000000f9c00000)
  from space 25600K, 70% used [0x00000000f9c00000,0x00000000fad8a928,0x00000000fb500000)
  to   space 27136K, 0% used [0x00000000fda80000,0x00000000fda80000,0x00000000ff500000)
 ParOldGen       total 137728K, used 65312K [0x00000000a0000000, 0x00000000a8680000, 0x00000000e0000000)
  object space 137728K, 47% used [0x00000000a0000000,0x00000000a3fc8278,0x00000000a8680000)
 Metaspace       used 75268K, capacity 78556K, committed 78808K, reserved 1118208K
  class space    used 9869K, capacity 10483K, committed 10496K, reserved 1048576K
Event: 65.382 GC heap after
Heap after GC invocations=31 (full 3):
 PSYoungGen      total 477696K, used 21200K [0x00000000e0000000, 0x00000000ff300000, 0x0000000100000000)
  eden space 452608K, 0% used [0x00000000e0000000,0x00000000e0000000,0x00000000fba00000)
  from space 25088K, 84% used [0x00000000fda80000,0x00000000fef34230,0x00000000ff300000)
  to   space 29184K, 0% used [0x00000000fba00000,0x00000000fba00000,0x00000000fd680000)
 ParOldGen       total 137728K, used 65320K [0x00000000a0000000, 0x00000000a8680000, 0x00000000e0000000)
  object space 137728K, 47% used [0x00000000a0000000,0x00000000a3fca278,0x00000000a8680000)
 Metaspace       used 75268K, capacity 78556K, committed 78808K, reserved 1118208K
  class space    used 9869K, capacity 10483K, committed 10496K, reserved 1048576K
}

