# JRE version: OpenJDK Runtime Environment (8.0_152-b02) (build 1.8.0_152-release-1024-b02)
# Java VM: OpenJDK 64-Bit Server VM (25.152-b02 mixed mode windows-amd64 compressed oops)
Heap:
 PSYoungGen      total 38400K, used 12345K [0x00000000e0000000, 0x00000000e2a80000, 0x0000000100000000)
  eden space 33280K, 21% used [0x00000000e0000000,0x00000000e07147e0,0x00000000e2080000)
  from space 5120K, 99% used [0x00000000e2580000,0x00000000e2a79ff0,0x00000000e2a80000)
  to   space 5120K, 0% used [0x00000000e2080000,0x00000000e2080000,0x00000000e2580000)
 ParOldGen       total 60928K, used 13367K [0x00000000a0000000, 0x00000000a3b80000, 0x00000000e0000000)
  object space 60928K, 21% used [0x00000000a0000000,0x00000000a0d0dc28,0x00000000a3b80000)
 Metaspace       used 26340K, capacity 26846K, committed 27184K, reserved 1073152K
  class space    used 3356K, capacity 3515K, committed 3632K, reserved 1048576K
GC Heap History (10 events):
Event: 0.723 GC heap before
{Heap before GC invocations=2 (full 1):
 PSYoungGen      total 38400K, used 2847K [0x00000000e0000000, 0x00000000e2a80000, 0x0000000100000000)
  eden space 33280K, 0% used [0x00000000e0000000,0x00000000e0000000,0x00000000e2080000)
  from space 5120K, 55% used [0x00000000e2080000,0x00000000e2347e48,0x00000000e2580000)
  to   space 5120K, 0% used [0x00000000e2580000,0x00000000e2580000,0x00000000e2a80000)
 ParOldGen       total 87552K, used 8K [0x00000000a0000000, 0x00000000a5580000, 0x00000000e0000000)
  object space 87552K, 0% used [0x00000000a0000000,0x00000000a0002000,0x00000000a5580000)
 Metaspace       used 9004K, capacity 9138K, committed 9344K, reserved 1056768K
  class space    used 964K, capacity 1051K, committed 1152K, reserved 1048576K
Event: 0.733 GC heap after
Heap after GC invocations=2 (full 1):
 PSYoungGen      total 38400K, used 0K [0x00000000e0000000, 0x00000000e2a80000, 0x0000000100000000)
  eden space 33280K, 0% used [0x00000000e0000000,0x00000000e0000000,0x00000000e2080000)
  from space 5120K, 0% used [0x00000000e2080000,0x00000000e2080000,0x00000000e2580000)
  to   space 5120K, 0% used [0x00000000e2580000,0x00000000e2580000,0x00000000e2a80000)
 ParOldGen       total 87552K, used 2642K [0x00000000a0000000, 0x00000000a5580000, 0x00000000e0000000)
  object space 87552K, 3% used [0x00000000a0000000,0x00000000a0294bd8,0x00000000a5580000)
 Metaspace       used 9004K, capacity 9138K, committed 9344K, reserved 1056768K
  class space    used 964K, capacity 1051K, committed 1152K, reserved 1048576K
}
Event: 10.397 GC heap before
{Heap before GC invocations=3 (full 1):
 PSYoungGen      total 38400K, used 33280K [0x00000000e0000000, 0x00000000e2a80000, 0x0000000100000000)
  eden space 33280K, 100% used [0x00000000e0000000,0x00000000e2080000,0x00000000e2080000)
  from space 5120K, 0% used [0x00000000e2080000,0x00000000e2080000,0x00000000e2580000)
  to   space 5120K, 0% used [0x00000000e2580000,0x00000000e2580000,0x00000000e2a80000)
 ParOldGen       total 87552K, used 2642K [0x00000000a0000000, 0x00000000a5580000, 0x00000000e0000000)
  object space 87552K, 3% used [0x00000000a0000000,0x00000000a0294bd8,0x00000000a5580000)
 Metaspace       used 14042K, capacity 14324K, committed 14592K, reserved 1062912K
  class space    used 1628K, capacity 1726K, committed 1792K, reserved 1048576K
Event: 10.404 GC heap after
Heap after GC invocations=3 (full 1):
 PSYoungGen      total 38400K, used 5098K [0x00000000e0000000, 0x00000000e2a80000, 0x0000000100000000)
  eden space 33280K, 0% used [0x00000000e0000000,0x00000000e0000000,0x00000000e2080000)
  from space 5120K, 99% used [0x00000000e2580000,0x00000000e2a7a9d8,0x00000000e2a80000)
  to   space 5120K, 0% used [0x00000000e2080000,0x00000000e2080000,0x00000000e2580000)
 ParOldGen       total 87552K, used 4883K [0x00000000a0000000, 0x00000000a5580000, 0x00000000e0000000)
  object space 87552K, 5% used [0x00000000a0000000,0x00000000a04c4d70,0x00000000a5580000)
 Metaspace       used 14042K, capacity 14324K, committed 14592K, reserved 1062912K
  class space    used 1628K, capacity 1726K, committed 1792K, reserved 1048576K
}
Event: 10.914 GC heap before
{Heap before GC invocations=4 (full 1):
 PSYoungGen      total 38400K, used 37617K [0x00000000e0000000, 0x00000000e2a80000, 0x0000000100000000)
  eden space 33280K, 97% used [0x00000000e0000000,0x00000000e1fc1b98,0x00000000e2080000)
  from space 5120K, 99% used [0x00000000e2580000,0x00000000e2a7a9d8,0x00000000e2a80000)
  to   space 5120K, 0% used [0x00000000e2080000,0x00000000e2080000,0x00000000e2580000)
 ParOldGen       total 87552K, used 4883K [0x00000000a0000000, 0x00000000a5580000, 0x00000000e0000000)
  object space 87552K, 5% used [0x00000000a0000000,0x00000000a04c4d70,0x00000000a5580000)
 Metaspace       used 20848K, capacity 21178K, committed 21296K, reserved 1069056K
  class space    used 2491K, capacity 2597K, committed 2608K, reserved 1048576K
Event: 10.923 GC heap after
Heap after GC invocations=4 (full 1):
 PSYoungGen      total 38400K, used 5108K [0x00000000e0000000, 0x00000000e2a80000, 0x0000000100000000)
  eden space 33280K, 0% used [0x00000000e0000000,0x00000000e0000000,0x00000000e2080000)
  from space 5120K, 99% used [0x00000000e2080000,0x00000000e257d018,0x00000000e2580000)
  to   space 5120K, 0% used [0x00000000e2580000,0x00000000e2580000,0x00000000e2a80000)
 ParOldGen       total 87552K, used 9939K [0x00000000a0000000, 0x00000000a5580000, 0x00000000e0000000)
  object space 87552K, 11% used [0x00000000a0000000,0x00000000a09b4dc8,0x00000000a5580000)
 Metaspace       used 20848K, capacity 21178K, committed 21296K, reserved 1069056K
  class space    used 2491K, capacity 2597K, committed 2608K, reserved 1048576K
}
Event: 10.923 GC heap before
{Heap before GC invocations=5 (full 2):
 PSYoungGen      total 38400K, used 5108K [0x00000000e0000000, 0x00000000e2a80000, 0x0000000100000000)
  eden space 33280K, 0% used [0x00000000e0000000,0x00000000e0000000,0x00000000e2080000)
  from space 5120K, 99% used [0x00000000e2080000,0x00000000e257d018,0x00000000e2580000)
  to   space 5120K, 0% used [0x00000000e2580000,0x00000000e2580000,0x00000000e2a80000)
 ParOldGen       total 87552K, used 9939K [0x00000000a0000000, 0x00000000a5580000, 0x00000000e0000000)
  object space 87552K, 11% used [0x00000000a0000000,0x00000000a09b4dc8,0x00000000a5580000)
 Metaspace       used 20848K, capacity 21178K, committed 21296K, reserved 1069056K
  class space    used 2491K, capacity 2597K, committed 2608K, reserved 1048576K
Event: 10.962 GC heap after
Heap after GC invocations=5 (full 2):
 PSYoungGen      total 38400K, used 0K [0x00000000e0000000, 0x00000000e2a80000, 0x0000000100000000)
  eden space 33280K, 0% used [0x00000000e0000000,0x00000000e0000000,0x00000000e2080000)
  from space 5120K, 0% used [0x00000000e2080000,0x00000000e2080000,0x00000000e2580000)
  to   space 5120K, 0% used [0x00000000e2580000,0x00000000e2580000,0x00000000e2a80000)
 ParOldGen       total 60928K, used 11089K [0x00000000a0000000, 0x00000000a3b80000, 0x00000000e0000000)
  object space 60928K, 18% used [0x00000000a0000000,0x00000000a0ad4728,0x00000000a3b80000)
 Metaspace       used 20848K, capacity 21178K, committed 21296K, reserved 1069056K
  class space    used 2491K, capacity 2597K, committed 2608K, reserved 1048576K
}
Event: 11.479 GC heap before
{Heap before GC invocations=6 (full 2):
 PSYoungGen      total 38400K, used 33280K [0x00000000e0000000, 0x00000000e2a80000, 0x0000000100000000)
  eden space 33280K, 100% used [0x00000000e0000000,0x00000000e2080000,0x00000000e2080000)
  from space 5120K, 0% used [0x00000000e2080000,0x00000000e2080000,0x00000000e2580000)
  to   space 5120K, 0% used [0x00000000e2580000,0x00000000e2580000,0x00000000e2a80000)
 ParOldGen       total 60928K, used 11089K [0x00000000a0000000, 0x00000000a3b80000, 0x00000000e0000000)
  object space 60928K, 18% used [0x00000000a0000000,0x00000000a0ad4728,0x00000000a3b80000)
 Metaspace       used 25248K, capacity 25788K, committed 25904K, reserved 1071104K
  class space    used 3191K, capacity 3354K, committed 3376K, reserved 1048576K
Event: 11.489 GC heap after
Heap after GC invocations=6 (full 2):
 PSYoungGen      total 38400K, used 5095K [0x00000000e0000000, 0x00000000e2a80000, 0x0000000100000000)
  eden space 33280K, 0% used [0x00000000e0000000,0x00000000e0000000,0x00000000e2080000)
  from space 5120K, 99% used [0x00000000e2580000,0x00000000e2a79ff0,0x00000000e2a80000)
  to   space 5120K, 0% used [0x00000000e2080000,0x00000000e2080000,0x00000000e2580000)
 ParOldGen       total 60928K, used 13367K [0x00000000a0000000, 0x00000000a3b80000, 0x00000000e0000000)
  object space 60928K, 21% used [0x00000000a0000000,0x00000000a0d0dc28,0x00000000a3b80000)
 Metaspace       used 25248K, capacity 25788K, committed 25904K, reserved 1071104K
  class space    used 3191K, capacity 3354K, committed 3376K, reserved 1048576K
}

