# JRE version: OpenJDK Runtime Environment (8.0_152-b02) (build 1.8.0_152-release-1024-b02)
# Java VM: OpenJDK 64-Bit Server VM (25.152-b02 mixed mode windows-amd64 compressed oops)
Heap:
 PSYoungGen      total 133632K, used 106408K [0x00000000e0000000, 0x00000000ea580000, 0x0000000100000000)
  eden space 122368K, 77% used [0x00000000e0000000,0x00000000e5cedfd8,0x00000000e7780000)
  from space 11264K, 99% used [0x00000000e7780000,0x00000000e827c058,0x00000000e8280000)
  to   space 14336K, 0% used [0x00000000e9780000,0x00000000e9780000,0x00000000ea580000)
 ParOldGen       total 89600K, used 19880K [0x00000000a0000000, 0x00000000a5780000, 0x00000000e0000000)
  object space 89600K, 22% used [0x00000000a0000000,0x00000000a136a128,0x00000000a5780000)
 Metaspace       used 54463K, capacity 56022K, committed 56152K, reserved 1097728K
  class space    used 7401K, capacity 7772K, committed 7808K, reserved 1048576K
GC Heap History (10 events):
Event: 7.530 GC heap before
{Heap before GC invocations=9 (full 1):
 PSYoungGen      total 71168K, used 67868K [0x00000000e0000000, 0x00000000e6980000, 0x0000000100000000)
  eden space 60928K, 100% used [0x00000000e0000000,0x00000000e3b80000,0x00000000e3b80000)
  from space 10240K, 67% used [0x00000000e3b80000,0x00000000e4247240,0x00000000e4580000)
  to   space 10240K, 0% used [0x00000000e5f80000,0x00000000e5f80000,0x00000000e6980000)
 ParOldGen       total 59904K, used 8107K [0x00000000a0000000, 0x00000000a3a80000, 0x00000000e0000000)
  object space 59904K, 13% used [0x00000000a0000000,0x00000000a07eaec8,0x00000000a3a80000)
 Metaspace       used 33146K, capacity 33750K, committed 33792K, reserved 1079296K
  class space    used 4615K, capacity 4829K, committed 4864K, reserved 1048576K
Event: 7.556 GC heap after
Heap after GC invocations=9 (full 1):
 PSYoungGen      total 96256K, used 10234K [0x00000000e0000000, 0x00000000e7700000, 0x0000000100000000)
  eden space 86016K, 0% used [0x00000000e0000000,0x00000000e0000000,0x00000000e5400000)
  from space 10240K, 99% used [0x00000000e5f80000,0x00000000e697e960,0x00000000e6980000)
  to   space 11776K, 0% used [0x00000000e5400000,0x00000000e5400000,0x00000000e5f80000)
 ParOldGen       total 59904K, used 8549K [0x00000000a0000000, 0x00000000a3a80000, 0x00000000e0000000)
  object space 59904K, 14% used [0x00000000a0000000,0x00000000a08597c0,0x00000000a3a80000)
 Metaspace       used 33146K, capacity 33750K, committed 33792K, reserved 1079296K
  class space    used 4615K, capacity 4829K, committed 4864K, reserved 1048576K
}
Event: 7.814 GC heap before
{Heap before GC invocations=10 (full 1):
 PSYoungGen      total 96256K, used 21159K [0x00000000e0000000, 0x00000000e7700000, 0x0000000100000000)
  eden space 86016K, 12% used [0x00000000e0000000,0x00000000e0aab3e8,0x00000000e5400000)
  from space 10240K, 99% used [0x00000000e5f80000,0x00000000e697e960,0x00000000e6980000)
  to   space 11776K, 0% used [0x00000000e5400000,0x00000000e5400000,0x00000000e5f80000)
 ParOldGen       total 59904K, used 8549K [0x00000000a0000000, 0x00000000a3a80000, 0x00000000e0000000)
  object space 59904K, 14% used [0x00000000a0000000,0x00000000a08597c0,0x00000000a3a80000)
 Metaspace       used 34690K, capacity 35260K, committed 35416K, reserved 1079296K
  class space    used 4780K, capacity 4972K, committed 4992K, reserved 1048576K
Event: 7.830 GC heap after
Heap after GC invocations=10 (full 1):
 PSYoungGen      total 97792K, used 6813K [0x00000000e0000000, 0x00000000e8f80000, 0x0000000100000000)
  eden space 86016K, 0% used [0x00000000e0000000,0x00000000e0000000,0x00000000e5400000)
  from space 11776K, 57% used [0x00000000e5400000,0x00000000e5aa7400,0x00000000e5f80000)
  to   space 11264K, 0% used [0x00000000e8480000,0x00000000e8480000,0x00000000e8f80000)
 ParOldGen       total 59904K, used 10174K [0x00000000a0000000, 0x00000000a3a80000, 0x00000000e0000000)
  object space 59904K, 16% used [0x00000000a0000000,0x00000000a09ef850,0x00000000a3a80000)
 Metaspace       used 34690K, capacity 35260K, committed 35416K, reserved 1079296K
  class space    used 4780K, capacity 4972K, committed 4992K, reserved 1048576K
}
Event: 7.830 GC heap before
{Heap before GC invocations=11 (full 2):
 PSYoungGen      total 97792K, used 6813K [0x00000000e0000000, 0x00000000e8f80000, 0x0000000100000000)
  eden space 86016K, 0% used [0x00000000e0000000,0x00000000e0000000,0x00000000e5400000)
  from space 11776K, 57% used [0x00000000e5400000,0x00000000e5aa7400,0x00000000e5f80000)
  to   space 11264K, 0% used [0x00000000e8480000,0x00000000e8480000,0x00000000e8f80000)
 ParOldGen       total 59904K, used 10174K [0x00000000a0000000, 0x00000000a3a80000, 0x00000000e0000000)
  object space 59904K, 16% used [0x00000000a0000000,0x00000000a09ef850,0x00000000a3a80000)
 Metaspace       used 34690K, capacity 35260K, committed 35416K, reserved 1079296K
  class space    used 4780K, capacity 4972K, committed 4992K, reserved 1048576K
Event: 7.970 GC heap after
Heap after GC invocations=11 (full 2):
 PSYoungGen      total 97792K, used 0K [0x00000000e0000000, 0x00000000e8f80000, 0x0000000100000000)
  eden space 86016K, 0% used [0x00000000e0000000,0x00000000e0000000,0x00000000e5400000)
  from space 11776K, 0% used [0x00000000e5400000,0x00000000e5400000,0x00000000e5f80000)
  to   space 11264K, 0% used [0x00000000e8480000,0x00000000e8480000,0x00000000e8f80000)
 ParOldGen       total 89600K, used 14973K [0x00000000a0000000, 0x00000000a5780000, 0x00000000e0000000)
  object space 89600K, 16% used [0x00000000a0000000,0x00000000a0e9f6a8,0x00000000a5780000)
 Metaspace       used 34690K, capacity 35260K, committed 35416K, reserved 1079296K
  class space    used 4780K, capacity 4972K, committed 4992K, reserved 1048576K
}
Event: 8.990 GC heap before
{Heap before GC invocations=12 (full 2):
 PSYoungGen      total 97792K, used 86016K [0x00000000e0000000, 0x00000000e8f80000, 0x0000000100000000)
  eden space 86016K, 100% used [0x00000000e0000000,0x00000000e5400000,0x00000000e5400000)
  from space 11776K, 0% used [0x00000000e5400000,0x00000000e5400000,0x00000000e5f80000)
  to   space 11264K, 0% used [0x00000000e8480000,0x00000000e8480000,0x00000000e8f80000)
 ParOldGen       total 89600K, used 14973K [0x00000000a0000000, 0x00000000a5780000, 0x00000000e0000000)
  object space 89600K, 16% used [0x00000000a0000000,0x00000000a0e9f6a8,0x00000000a5780000)
 Metaspace       used 39798K, capacity 40538K, committed 40792K, reserved 1085440K
  class space    used 5405K, capacity 5655K, committed 5760K, reserved 1048576K
Event: 9.006 GC heap after
Heap after GC invocations=12 (full 2):
 PSYoungGen      total 120320K, used 8951K [0x00000000e0000000, 0x00000000e8d80000, 0x0000000100000000)
  eden space 111104K, 0% used [0x00000000e0000000,0x00000000e0000000,0x00000000e6c80000)
  from space 9216K, 97% used [0x00000000e8480000,0x00000000e8d3dee8,0x00000000e8d80000)
  to   space 11264K, 0% used [0x00000000e7780000,0x00000000e7780000,0x00000000e8280000)
 ParOldGen       total 89600K, used 14981K [0x00000000a0000000, 0x00000000a5780000, 0x00000000e0000000)
  object space 89600K, 16% used [0x00000000a0000000,0x00000000a0ea16a8,0x00000000a5780000)
 Metaspace       used 39798K, capacity 40538K, committed 40792K, reserved 1085440K
  class space    used 5405K, capacity 5655K, committed 5760K, reserved 1048576K
}
Event: 11.275 GC heap before
{Heap before GC invocations=13 (full 2):
 PSYoungGen      total 120320K, used 120055K [0x00000000e0000000, 0x00000000e8d80000, 0x0000000100000000)
  eden space 111104K, 100% used [0x00000000e0000000,0x00000000e6c80000,0x00000000e6c80000)
  from space 9216K, 97% used [0x00000000e8480000,0x00000000e8d3dee8,0x00000000e8d80000)
  to   space 11264K, 0% used [0x00000000e7780000,0x00000000e7780000,0x00000000e8280000)
 ParOldGen       total 89600K, used 14981K [0x00000000a0000000, 0x00000000a5780000, 0x00000000e0000000)
  object space 89600K, 16% used [0x00000000a0000000,0x00000000a0ea16a8,0x00000000a5780000)
 Metaspace       used 49269K, capacity 50644K, committed 50904K, reserved 1093632K
  class space    used 6679K, capacity 7065K, committed 7168K, reserved 1048576K
Event: 11.297 GC heap after
Heap after GC invocations=13 (full 2):
 PSYoungGen      total 133632K, used 11248K [0x00000000e0000000, 0x00000000ea580000, 0x0000000100000000)
  eden space 122368K, 0% used [0x00000000e0000000,0x00000000e0000000,0x00000000e7780000)
  from space 11264K, 99% used [0x00000000e7780000,0x00000000e827c058,0x00000000e8280000)
  to   space 14336K, 0% used [0x00000000e9780000,0x00000000e9780000,0x00000000ea580000)
 ParOldGen       total 89600K, used 19880K [0x00000000a0000000, 0x00000000a5780000, 0x00000000e0000000)
  object space 89600K, 22% used [0x00000000a0000000,0x00000000a136a128,0x00000000a5780000)
 Metaspace       used 49269K, capacity 50644K, committed 50904K, reserved 1093632K
  class space    used 6679K, capacity 7065K, committed 7168K, reserved 1048576K
}

