# JRE version: OpenJDK Runtime Environment (8.0_152-b02) (build 1.8.0_152-release-1024-b02)
# Java VM: OpenJDK 64-Bit Server VM (25.152-b02 mixed mode windows-amd64 compressed oops)
Heap:
 PSYoungGen      total 143360K, used 133256K [0x00000000e0000000, 0x00000000ea300000, 0x0000000100000000)
  eden space 130560K, 92% used [0x00000000e0000000,0x00000000e75a4490,0x00000000e7f80000)
  from space 12800K, 99% used [0x00000000e9680000,0x00000000ea2fdc00,0x00000000ea300000)
  to   space 10240K, 0% used [0x00000000e7f80000,0x00000000e7f80000,0x00000000e8980000)
 ParOldGen       total 105984K, used 20748K [0x00000000a0000000, 0x00000000a6780000, 0x00000000e0000000)
  object space 105984K, 19% used [0x00000000a0000000,0x00000000a1443048,0x00000000a6780000)
 Metaspace       used 53045K, capacity 54652K, committed 54744K, reserved 1095680K
  class space    used 7236K, capacity 7629K, committed 7680K, reserved 1048576K
GC Heap History (10 events):
Event: 3.646 GC heap before
{Heap before GC invocations=6 (full 1):
 PSYoungGen      total 71680K, used 5104K [0x00000000e0000000, 0x00000000e9600000, 0x0000000100000000)
  eden space 66560K, 0% used [0x00000000e0000000,0x00000000e0000000,0x00000000e4100000)
  from space 5120K, 99% used [0x00000000e4100000,0x00000000e45fc040,0x00000000e4600000)
  to   space 10240K, 0% used [0x00000000e8c00000,0x00000000e8c00000,0x00000000e9600000)
 ParOldGen       total 87552K, used 8098K [0x00000000a0000000, 0x00000000a5580000, 0x00000000e0000000)
  object space 87552K, 9% used [0x00000000a0000000,0x00000000a07e8b80,0x00000000a5580000)
 Metaspace       used 20813K, capacity 21184K, committed 21248K, reserved 1067008K
  class space    used 2907K, capacity 3038K, committed 3072K, reserved 1048576K
Event: 3.722 GC heap after
Heap after GC invocations=6 (full 1):
 PSYoungGen      total 71680K, used 0K [0x00000000e0000000, 0x00000000e9600000, 0x0000000100000000)
  eden space 66560K, 0% used [0x00000000e0000000,0x00000000e0000000,0x00000000e4100000)
  from space 5120K, 0% used [0x00000000e4100000,0x00000000e4100000,0x00000000e4600000)
  to   space 10240K, 0% used [0x00000000e8c00000,0x00000000e8c00000,0x00000000e9600000)
 ParOldGen       total 62464K, used 8163K [0x00000000a0000000, 0x00000000a3d00000, 0x00000000e0000000)
  object space 62464K, 13% used [0x00000000a0000000,0x00000000a07f8ee0,0x00000000a3d00000)
 Metaspace       used 20813K, capacity 21184K, committed 21248K, reserved 1067008K
  class space    used 2907K, capacity 3038K, committed 3072K, reserved 1048576K
}
Event: 5.002 GC heap before
{Heap before GC invocations=7 (full 1):
 PSYoungGen      total 71680K, used 66560K [0x00000000e0000000, 0x00000000e9600000, 0x0000000100000000)
  eden space 66560K, 100% used [0x00000000e0000000,0x00000000e4100000,0x00000000e4100000)
  from space 5120K, 0% used [0x00000000e4100000,0x00000000e4100000,0x00000000e4600000)
  to   space 10240K, 0% used [0x00000000e8c00000,0x00000000e8c00000,0x00000000e9600000)
 ParOldGen       total 62464K, used 8163K [0x00000000a0000000, 0x00000000a3d00000, 0x00000000e0000000)
  object space 62464K, 13% used [0x00000000a0000000,0x00000000a07f8ee0,0x00000000a3d00000)
 Metaspace       used 26513K, capacity 27050K, committed 27136K, reserved 1073152K
  class space    used 3652K, capacity 3831K, committed 3840K, reserved 1048576K
Event: 5.012 GC heap after
Heap after GC invocations=7 (full 1):
 PSYoungGen      total 105472K, used 7569K [0x00000000e0000000, 0x00000000e9380000, 0x0000000100000000)
  eden space 97792K, 0% used [0x00000000e0000000,0x00000000e0000000,0x00000000e5f80000)
  from space 7680K, 98% used [0x00000000e8c00000,0x00000000e93646b8,0x00000000e9380000)
  to   space 10240K, 0% used [0x00000000e7f80000,0x00000000e7f80000,0x00000000e8980000)
 ParOldGen       total 62464K, used 8171K [0x00000000a0000000, 0x00000000a3d00000, 0x00000000e0000000)
  object space 62464K, 13% used [0x00000000a0000000,0x00000000a07faee0,0x00000000a3d00000)
 Metaspace       used 26513K, capacity 27050K, committed 27136K, reserved 1073152K
  class space    used 3652K, capacity 3831K, committed 3840K, reserved 1048576K
}
Event: 6.713 GC heap before
{Heap before GC invocations=8 (full 1):
 PSYoungGen      total 105472K, used 101539K [0x00000000e0000000, 0x00000000e9380000, 0x0000000100000000)
  eden space 97792K, 96% used [0x00000000e0000000,0x00000000e5bc45c0,0x00000000e5f80000)
  from space 7680K, 98% used [0x00000000e8c00000,0x00000000e93646b8,0x00000000e9380000)
  to   space 10240K, 0% used [0x00000000e7f80000,0x00000000e7f80000,0x00000000e8980000)
 ParOldGen       total 62464K, used 8171K [0x00000000a0000000, 0x00000000a3d00000, 0x00000000e0000000)
  object space 62464K, 13% used [0x00000000a0000000,0x00000000a07faee0,0x00000000a3d00000)
 Metaspace       used 34698K, capacity 35244K, committed 35416K, reserved 1079296K
  class space    used 4780K, capacity 4972K, committed 4992K, reserved 1048576K
Event: 6.733 GC heap after
Heap after GC invocations=8 (full 1):
 PSYoungGen      total 140800K, used 10208K [0x00000000e0000000, 0x00000000ea300000, 0x0000000100000000)
  eden space 130560K, 0% used [0x00000000e0000000,0x00000000e0000000,0x00000000e7f80000)
  from space 10240K, 99% used [0x00000000e7f80000,0x00000000e8978320,0x00000000e8980000)
  to   space 12800K, 0% used [0x00000000e9680000,0x00000000e9680000,0x00000000ea300000)
 ParOldGen       total 62464K, used 11073K [0x00000000a0000000, 0x00000000a3d00000, 0x00000000e0000000)
  object space 62464K, 17% used [0x00000000a0000000,0x00000000a0ad07d0,0x00000000a3d00000)
 Metaspace       used 34698K, capacity 35244K, committed 35416K, reserved 1079296K
  class space    used 4780K, capacity 4972K, committed 4992K, reserved 1048576K
}
Event: 6.733 GC heap before
{Heap before GC invocations=9 (full 2):
 PSYoungGen      total 140800K, used 10208K [0x00000000e0000000, 0x00000000ea300000, 0x0000000100000000)
  eden space 130560K, 0% used [0x00000000e0000000,0x00000000e0000000,0x00000000e7f80000)
  from space 10240K, 99% used [0x00000000e7f80000,0x00000000e8978320,0x00000000e8980000)
  to   space 12800K, 0% used [0x00000000e9680000,0x00000000e9680000,0x00000000ea300000)
 ParOldGen       total 62464K, used 11073K [0x00000000a0000000, 0x00000000a3d00000, 0x00000000e0000000)
  object space 62464K, 17% used [0x00000000a0000000,0x00000000a0ad07d0,0x00000000a3d00000)
 Metaspace       used 34698K, capacity 35244K, committed 35416K, reserved 1079296K
  class space    used 4780K, capacity 4972K, committed 4992K, reserved 1048576K
Event: 6.843 GC heap after
Heap after GC invocations=9 (full 2):
 PSYoungGen      total 140800K, used 0K [0x00000000e0000000, 0x00000000ea300000, 0x0000000100000000)
  eden space 130560K, 0% used [0x00000000e0000000,0x00000000e0000000,0x00000000e7f80000)
  from space 10240K, 0% used [0x00000000e7f80000,0x00000000e7f80000,0x00000000e8980000)
  to   space 12800K, 0% used [0x00000000e9680000,0x00000000e9680000,0x00000000ea300000)
 ParOldGen       total 105984K, used 19503K [0x00000000a0000000, 0x00000000a6780000, 0x00000000e0000000)
  object space 105984K, 18% used [0x00000000a0000000,0x00000000a130beb0,0x00000000a6780000)
 Metaspace       used 34698K, capacity 35244K, committed 35416K, reserved 1079296K
  class space    used 4780K, capacity 4972K, committed 4992K, reserved 1048576K
}
Event: 8.723 GC heap before
{Heap before GC invocations=10 (full 2):
 PSYoungGen      total 140800K, used 130560K [0x00000000e0000000, 0x00000000ea300000, 0x0000000100000000)
  eden space 130560K, 100% used [0x00000000e0000000,0x00000000e7f80000,0x00000000e7f80000)
  from space 10240K, 0% used [0x00000000e7f80000,0x00000000e7f80000,0x00000000e8980000)
  to   space 12800K, 0% used [0x00000000e9680000,0x00000000e9680000,0x00000000ea300000)
 ParOldGen       total 105984K, used 19503K [0x00000000a0000000, 0x00000000a6780000, 0x00000000e0000000)
  object space 105984K, 18% used [0x00000000a0000000,0x00000000a130beb0,0x00000000a6780000)
 Metaspace       used 42828K, capacity 43670K, committed 43864K, reserved 1087488K
  class space    used 5873K, capacity 6162K, committed 6272K, reserved 1048576K
Event: 8.744 GC heap after
Heap after GC invocations=10 (full 2):
 PSYoungGen      total 143360K, used 12791K [0x00000000e0000000, 0x00000000ea300000, 0x0000000100000000)
  eden space 130560K, 0% used [0x00000000e0000000,0x00000000e0000000,0x00000000e7f80000)
  from space 12800K, 99% used [0x00000000e9680000,0x00000000ea2fdc00,0x00000000ea300000)
  to   space 10240K, 0% used [0x00000000e7f80000,0x00000000e7f80000,0x00000000e8980000)
 ParOldGen       total 105984K, used 20748K [0x00000000a0000000, 0x00000000a6780000, 0x00000000e0000000)
  object space 105984K, 19% used [0x00000000a0000000,0x00000000a1443048,0x00000000a6780000)
 Metaspace       used 42828K, capacity 43670K, committed 43864K, reserved 1087488K
  class space    used 5873K, capacity 6162K, committed 6272K, reserved 1048576K
}

