# JRE version: OpenJDK Runtime Environment (8.0_152-b02) (build 1.8.0_152-release-1024-b02)
# Java VM: OpenJDK 64-Bit Server VM (25.152-b02 mixed mode windows-amd64 compressed oops)
Heap:
 PSYoungGen      total 189440K, used 24619K [0x00000000e0000000, 0x00000000edf80000, 0x0000000100000000)
  eden space 169472K, 14% used [0x00000000e0000000,0x00000000e180ac70,0x00000000ea580000)
  from space 19968K, 0% used [0x00000000ebf00000,0x00000000ebf00000,0x00000000ed280000)
  to   space 26112K, 0% used [0x00000000ea580000,0x00000000ea580000,0x00000000ebf00000)
 ParOldGen       total 102400K, used 42673K [0x00000000a0000000, 0x00000000a6400000, 0x00000000e0000000)
  object space 102400K, 41% used [0x00000000a0000000,0x00000000a29ac638,0x00000000a6400000)
 Metaspace       used 58239K, capacity 59874K, committed 60180K, reserved 1101824K
  class space    used 7795K, capacity 8184K, committed 8252K, reserved 1048576K
GC Heap History (10 events):
Event: 6.906 GC heap before
{Heap before GC invocations=9 (full 2):
 PSYoungGen      total 140800K, used 10233K [0x00000000e0000000, 0x00000000eaa00000, 0x0000000100000000)
  eden space 130560K, 0% used [0x00000000e0000000,0x00000000e0000000,0x00000000e7f80000)
  from space 10240K, 99% used [0x00000000e7f80000,0x00000000e897e7c8,0x00000000e8980000)
  to   space 12800K, 0% used [0x00000000e9d80000,0x00000000e9d80000,0x00000000eaa00000)
 ParOldGen       total 61440K, used 10916K [0x00000000a0000000, 0x00000000a3c00000, 0x00000000e0000000)
  object space 61440K, 17% used [0x00000000a0000000,0x00000000a0aa9320,0x00000000a3c00000)
 Metaspace       used 34701K, capacity 35260K, committed 35416K, reserved 1079296K
  class space    used 4781K, capacity 4972K, committed 4992K, reserved 1048576K
Event: 7.000 GC heap after
Heap after GC invocations=9 (full 2):
 PSYoungGen      total 140800K, used 0K [0x00000000e0000000, 0x00000000eaa00000, 0x0000000100000000)
  eden space 130560K, 0% used [0x00000000e0000000,0x00000000e0000000,0x00000000e7f80000)
  from space 10240K, 0% used [0x00000000e7f80000,0x00000000e7f80000,0x00000000e8980000)
  to   space 12800K, 0% used [0x00000000e9d80000,0x00000000e9d80000,0x00000000eaa00000)
 ParOldGen       total 102400K, used 19428K [0x00000000a0000000, 0x00000000a6400000, 0x00000000e0000000)
  object space 102400K, 18% used [0x00000000a0000000,0x00000000a12f92c8,0x00000000a6400000)
 Metaspace       used 34701K, capacity 35260K, committed 35416K, reserved 1079296K
  class space    used 4781K, capacity 4972K, committed 4992K, reserved 1048576K
}
Event: 8.856 GC heap before
{Heap before GC invocations=10 (full 2):
 PSYoungGen      total 140800K, used 130560K [0x00000000e0000000, 0x00000000eaa00000, 0x0000000100000000)
  eden space 130560K, 100% used [0x00000000e0000000,0x00000000e7f80000,0x00000000e7f80000)
  from space 10240K, 0% used [0x00000000e7f80000,0x00000000e7f80000,0x00000000e8980000)
  to   space 12800K, 0% used [0x00000000e9d80000,0x00000000e9d80000,0x00000000eaa00000)
 ParOldGen       total 102400K, used 19428K [0x00000000a0000000, 0x00000000a6400000, 0x00000000e0000000)
  object space 102400K, 18% used [0x00000000a0000000,0x00000000a12f92c8,0x00000000a6400000)
 Metaspace       used 42833K, capacity 43686K, committed 43864K, reserved 1087488K
  class space    used 5878K, capacity 6162K, committed 6272K, reserved 1048576K
Event: 8.870 GC heap after
Heap after GC invocations=10 (full 2):
 PSYoungGen      total 159232K, used 12799K [0x00000000e0000000, 0x00000000eca80000, 0x0000000100000000)
  eden space 146432K, 0% used [0x00000000e0000000,0x00000000e0000000,0x00000000e8f00000)
  from space 12800K, 99% used [0x00000000e9d80000,0x00000000ea9ffc48,0x00000000eaa00000)
  to   space 14848K, 0% used [0x00000000e8f00000,0x00000000e8f00000,0x00000000e9d80000)
 ParOldGen       total 102400K, used 20648K [0x00000000a0000000, 0x00000000a6400000, 0x00000000e0000000)
  object space 102400K, 20% used [0x00000000a0000000,0x00000000a142a218,0x00000000a6400000)
 Metaspace       used 42833K, capacity 43686K, committed 43864K, reserved 1087488K
  class space    used 5878K, capacity 6162K, committed 6272K, reserved 1048576K
}
Event: 11.975 GC heap before
{Heap before GC invocations=11 (full 2):
 PSYoungGen      total 159232K, used 159231K [0x00000000e0000000, 0x00000000eca80000, 0x0000000100000000)
  eden space 146432K, 100% used [0x00000000e0000000,0x00000000e8f00000,0x00000000e8f00000)
  from space 12800K, 99% used [0x00000000e9d80000,0x00000000ea9ffc48,0x00000000eaa00000)
  to   space 14848K, 0% used [0x00000000e8f00000,0x00000000e8f00000,0x00000000e9d80000)
 ParOldGen       total 102400K, used 20648K [0x00000000a0000000, 0x00000000a6400000, 0x00000000e0000000)
  object space 102400K, 20% used [0x00000000a0000000,0x00000000a142a218,0x00000000a6400000)
 Metaspace       used 53974K, capacity 55526K, committed 55896K, reserved 1097728K
  class space    used 7342K, capacity 7698K, committed 7808K, reserved 1048576K
Event: 11.996 GC heap after
Heap after GC invocations=11 (full 2):
 PSYoungGen      total 161280K, used 14830K [0x00000000e0000000, 0x00000000ed280000, 0x0000000100000000)
  eden space 146432K, 0% used [0x00000000e0000000,0x00000000e0000000,0x00000000e8f00000)
  from space 14848K, 99% used [0x00000000e8f00000,0x00000000e9d7bbd8,0x00000000e9d80000)
  to   space 19968K, 0% used [0x00000000ebf00000,0x00000000ebf00000,0x00000000ed280000)
 ParOldGen       total 102400K, used 27633K [0x00000000a0000000, 0x00000000a6400000, 0x00000000e0000000)
  object space 102400K, 26% used [0x00000000a0000000,0x00000000a1afc5d8,0x00000000a6400000)
 Metaspace       used 53974K, capacity 55526K, committed 55896K, reserved 1097728K
  class space    used 7342K, capacity 7698K, committed 7808K, reserved 1048576K
}
Event: 14.954 GC heap before
{Heap before GC invocations=12 (full 2):
 PSYoungGen      total 161280K, used 130325K [0x00000000e0000000, 0x00000000ed280000, 0x0000000100000000)
  eden space 146432K, 78% used [0x00000000e0000000,0x00000000e70c9918,0x00000000e8f00000)
  from space 14848K, 99% used [0x00000000e8f00000,0x00000000e9d7bbd8,0x00000000e9d80000)
  to   space 19968K, 0% used [0x00000000ebf00000,0x00000000ebf00000,0x00000000ed280000)
 ParOldGen       total 102400K, used 27633K [0x00000000a0000000, 0x00000000a6400000, 0x00000000e0000000)
  object space 102400K, 26% used [0x00000000a0000000,0x00000000a1afc5d8,0x00000000a6400000)
 Metaspace       used 57303K, capacity 58934K, committed 59028K, reserved 1099776K
  class space    used 7696K, capacity 8084K, committed 8124K, reserved 1048576K
Event: 14.997 GC heap after
Heap after GC invocations=12 (full 2):
 PSYoungGen      total 189440K, used 19959K [0x00000000e0000000, 0x00000000edf80000, 0x0000000100000000)
  eden space 169472K, 0% used [0x00000000e0000000,0x00000000e0000000,0x00000000ea580000)
  from space 19968K, 99% used [0x00000000ebf00000,0x00000000ed27dd28,0x00000000ed280000)
  to   space 26112K, 0% used [0x00000000ea580000,0x00000000ea580000,0x00000000ebf00000)
 ParOldGen       total 102400K, used 36542K [0x00000000a0000000, 0x00000000a6400000, 0x00000000e0000000)
  object space 102400K, 35% used [0x00000000a0000000,0x00000000a23af928,0x00000000a6400000)
 Metaspace       used 57303K, capacity 58934K, committed 59028K, reserved 1099776K
  class space    used 7696K, capacity 8084K, committed 8124K, reserved 1048576K
}
Event: 14.997 GC heap before
{Heap before GC invocations=13 (full 3):
 PSYoungGen      total 189440K, used 19959K [0x00000000e0000000, 0x00000000edf80000, 0x0000000100000000)
  eden space 169472K, 0% used [0x00000000e0000000,0x00000000e0000000,0x00000000ea580000)
  from space 19968K, 99% used [0x00000000ebf00000,0x00000000ed27dd28,0x00000000ed280000)
  to   space 26112K, 0% used [0x00000000ea580000,0x00000000ea580000,0x00000000ebf00000)
 ParOldGen       total 102400K, used 36542K [0x00000000a0000000, 0x00000000a6400000, 0x00000000e0000000)
  object space 102400K, 35% used [0x00000000a0000000,0x00000000a23af928,0x00000000a6400000)
 Metaspace       used 57303K, capacity 58934K, committed 59028K, reserved 1099776K
  class space    used 7696K, capacity 8084K, committed 8124K, reserved 1048576K
Event: 15.275 GC heap after
Heap after GC invocations=13 (full 3):
 PSYoungGen      total 189440K, used 0K [0x00000000e0000000, 0x00000000edf80000, 0x0000000100000000)
  eden space 169472K, 0% used [0x00000000e0000000,0x00000000e0000000,0x00000000ea580000)
  from space 19968K, 0% used [0x00000000ebf00000,0x00000000ebf00000,0x00000000ed280000)
  to   space 26112K, 0% used [0x00000000ea580000,0x00000000ea580000,0x00000000ebf00000)
 ParOldGen       total 102400K, used 42673K [0x00000000a0000000, 0x00000000a6400000, 0x00000000e0000000)
  object space 102400K, 41% used [0x00000000a0000000,0x00000000a29ac638,0x00000000a6400000)
 Metaspace       used 57303K, capacity 58934K, committed 59028K, reserved 1099776K
  class space    used 7696K, capacity 8084K, committed 8124K, reserved 1048576K
}

